system   D            wsystem.c:583  maybe_parent_dir                 [   0.00065] Also searching C:\Users\Brian\Desktop\EGP-410\GameAI\steering\
system   D            wsystem.c:633  _al_win_safe_load_library        [   0.00117] PathFindOnPath found: C:\WINDOWS\system32\d3d9.dll
system   D            wsystem.c:544  load_library_at_path             [   0.00121] Calling LoadLibrary C:\WINDOWS\system32\d3d9.dll
system   I            wsystem.c:547  load_library_at_path             [   0.00749] Loaded C:\WINDOWS\system32\d3d9.dll
d3d      I         d3d_disp.cpp:696  _al_d3d_init_display             [   0.03488] Render-to-texture: 1
system   I             system.c:252  al_install_system                [   0.03496] Allegro version: 5.0.10
d3d      I         d3d_disp.cpp:1737 d3d_create_display_locked        [   0.03638] faux_fullscreen=0
d3d      D         d3d_disp.cpp:1738 d3d_create_display_locked        [   0.03641] al_display=00DA0050
d3d      D         d3d_disp.cpp:1739 d3d_create_display_locked        [   0.03642] al_display->vt=00E1DEE8
d3d      I d3d_display_formats.cpp:144  _al_d3d_generate_display_format_list [   0.04251] found 64 format combinations
display  D   display_settings.c:191  debug_display_settings           [   0.04256] color: 32 (rgba 8880), depth: 0, stencil: 0, acc: 0000, samples: 0/0
display  D   display_settings.c:506  _al_score_display_settings       [   0.04259] Score is : 897
display  D   display_settings.c:191  debug_display_settings           [   0.04260] color: 32 (rgba 8880), depth: 0, stencil: 0, acc: 0000, samples: 0/0
display  D   display_settings.c:506  _al_score_display_settings       [   0.04263] Score is : 897
display  D   display_settings.c:191  debug_display_settings           [   0.04264] color: 32 (rgba 8880), depth: 24, stencil: 8, acc: 0000, samples: 0/0
display  D   display_settings.c:506  _al_score_display_settings       [   0.04266] Score is : 897
display  D   display_settings.c:191  debug_display_settings           [   0.04268] color: 32 (rgba 8880), depth: 24, stencil: 8, acc: 0000, samples: 0/0
display  D   display_settings.c:506  _al_score_display_settings       [   0.04270] Score is : 897
display  D   display_settings.c:191  debug_display_settings           [   0.04271] color: 32 (rgba 8880), depth: 24, stencil: 0, acc: 0000, samples: 0/0
display  D   display_settings.c:506  _al_score_display_settings       [   0.04274] Score is : 897
display  D   display_settings.c:191  debug_display_settings           [   0.04275] color: 32 (rgba 8880), depth: 24, stencil: 0, acc: 0000, samples: 0/0
display  D   display_settings.c:506  _al_score_display_settings       [   0.04277] Score is : 897
display  D   display_settings.c:191  debug_display_settings           [   0.04279] color: 32 (rgba 8880), depth: 16, stencil: 0, acc: 0000, samples: 0/0
display  D   display_settings.c:506  _al_score_display_settings       [   0.04281] Score is : 897
display  D   display_settings.c:191  debug_display_settings           [   0.04282] color: 32 (rgba 8880), depth: 16, stencil: 0, acc: 0000, samples: 0/0
display  D   display_settings.c:506  _al_score_display_settings       [   0.04285] Score is : 897
display  D   display_settings.c:191  debug_display_settings           [   0.04286] color: 16 (rgba 5650), depth: 0, stencil: 0, acc: 0000, samples: 0/0
display  D   display_settings.c:506  _al_score_display_settings       [   0.04288] Score is : 897
display  D   display_settings.c:191  debug_display_settings           [   0.04290] color: 16 (rgba 5650), depth: 0, stencil: 0, acc: 0000, samples: 0/0
display  D   display_settings.c:506  _al_score_display_settings       [   0.04292] Score is : 897
display  D   display_settings.c:191  debug_display_settings           [   0.04293] color: 16 (rgba 5650), depth: 24, stencil: 8, acc: 0000, samples: 0/0
display  D   display_settings.c:506  _al_score_display_settings       [   0.04295] Score is : 897
display  D   display_settings.c:191  debug_display_settings           [   0.04297] color: 16 (rgba 5650), depth: 24, stencil: 8, acc: 0000, samples: 0/0
display  D   display_settings.c:506  _al_score_display_settings       [   0.04306] Score is : 897
display  D   display_settings.c:191  debug_display_settings           [   0.04308] color: 16 (rgba 5650), depth: 24, stencil: 0, acc: 0000, samples: 0/0
display  D   display_settings.c:506  _al_score_display_settings       [   0.04310] Score is : 897
display  D   display_settings.c:191  debug_display_settings           [   0.04311] color: 16 (rgba 5650), depth: 24, stencil: 0, acc: 0000, samples: 0/0
display  D   display_settings.c:506  _al_score_display_settings       [   0.04313] Score is : 897
display  D   display_settings.c:191  debug_display_settings           [   0.04315] color: 16 (rgba 5650), depth: 16, stencil: 0, acc: 0000, samples: 0/0
display  D   display_settings.c:506  _al_score_display_settings       [   0.04317] Score is : 897
display  D   display_settings.c:191  debug_display_settings           [   0.04319] color: 16 (rgba 5650), depth: 16, stencil: 0, acc: 0000, samples: 0/0
display  D   display_settings.c:506  _al_score_display_settings       [   0.04321] Score is : 897
display  D   display_settings.c:191  debug_display_settings           [   0.04322] color: 32 (rgba 8880), depth: 0, stencil: 0, acc: 0000, samples: 0/0
display  D   display_settings.c:377  _al_score_display_settings       [   0.04324] Single Buffer requirement not met.
display  D   display_settings.c:191  debug_display_settings           [   0.04326] color: 32 (rgba 8880), depth: 0, stencil: 0, acc: 0000, samples: 0/0
display  D   display_settings.c:377  _al_score_display_settings       [   0.04327] Single Buffer requirement not met.
display  D   display_settings.c:191  debug_display_settings           [   0.04329] color: 32 (rgba 8880), depth: 24, stencil: 8, acc: 0000, samples: 0/0
display  D   display_settings.c:377  _al_score_display_settings       [   0.04331] Single Buffer requirement not met.
display  D   display_settings.c:191  debug_display_settings           [   0.04333] color: 32 (rgba 8880), depth: 24, stencil: 8, acc: 0000, samples: 0/0
display  D   display_settings.c:377  _al_score_display_settings       [   0.04334] Single Buffer requirement not met.
display  D   display_settings.c:191  debug_display_settings           [   0.04336] color: 32 (rgba 8880), depth: 24, stencil: 0, acc: 0000, samples: 0/0
display  D   display_settings.c:377  _al_score_display_settings       [   0.04338] Single Buffer requirement not met.
display  D   display_settings.c:191  debug_display_settings           [   0.04340] color: 32 (rgba 8880), depth: 24, stencil: 0, acc: 0000, samples: 0/0
display  D   display_settings.c:377  _al_score_display_settings       [   0.04342] Single Buffer requirement not met.
display  D   display_settings.c:191  debug_display_settings           [   0.04343] color: 32 (rgba 8880), depth: 16, stencil: 0, acc: 0000, samples: 0/0
display  D   display_settings.c:377  _al_score_display_settings       [   0.04345] Single Buffer requirement not met.
display  D   display_settings.c:191  debug_display_settings           [   0.04347] color: 32 (rgba 8880), depth: 16, stencil: 0, acc: 0000, samples: 0/0
display  D   display_settings.c:377  _al_score_display_settings       [   0.04349] Single Buffer requirement not met.
display  D   display_settings.c:191  debug_display_settings           [   0.04351] color: 16 (rgba 5650), depth: 0, stencil: 0, acc: 0000, samples: 0/0
display  D   display_settings.c:377  _al_score_display_settings       [   0.04353] Single Buffer requirement not met.
display  D   display_settings.c:191  debug_display_settings           [   0.04354] color: 16 (rgba 5650), depth: 0, stencil: 0, acc: 0000, samples: 0/0
display  D   display_settings.c:377  _al_score_display_settings       [   0.04356] Single Buffer requirement not met.
display  D   display_settings.c:191  debug_display_settings           [   0.04358] color: 16 (rgba 5650), depth: 24, stencil: 8, acc: 0000, samples: 0/0
display  D   display_settings.c:377  _al_score_display_settings       [   0.04360] Single Buffer requirement not met.
display  D   display_settings.c:191  debug_display_settings           [   0.04362] color: 16 (rgba 5650), depth: 24, stencil: 8, acc: 0000, samples: 0/0
display  D   display_settings.c:377  _al_score_display_settings       [   0.04364] Single Buffer requirement not met.
display  D   display_settings.c:191  debug_display_settings           [   0.04365] color: 16 (rgba 5650), depth: 24, stencil: 0, acc: 0000, samples: 0/0
display  D   display_settings.c:377  _al_score_display_settings       [   0.04367] Single Buffer requirement not met.
display  D   display_settings.c:191  debug_display_settings           [   0.04369] color: 16 (rgba 5650), depth: 24, stencil: 0, acc: 0000, samples: 0/0
display  D   display_settings.c:377  _al_score_display_settings       [   0.04371] Single Buffer requirement not met.
display  D   display_settings.c:191  debug_display_settings           [   0.04372] color: 16 (rgba 5650), depth: 16, stencil: 0, acc: 0000, samples: 0/0
display  D   display_settings.c:377  _al_score_display_settings       [   0.04375] Single Buffer requirement not met.
display  D   display_settings.c:191  debug_display_settings           [   0.04376] color: 16 (rgba 5650), depth: 16, stencil: 0, acc: 0000, samples: 0/0
display  D   display_settings.c:377  _al_score_display_settings       [   0.04378] Single Buffer requirement not met.
display  D   display_settings.c:191  debug_display_settings           [   0.04380] color: 32 (rgba 8880), depth: 0, stencil: 0, acc: 0000, samples: 0/0
display  D   display_settings.c:506  _al_score_display_settings       [   0.04382] Score is : 769
display  D   display_settings.c:191  debug_display_settings           [   0.04383] color: 32 (rgba 8880), depth: 0, stencil: 0, acc: 0000, samples: 0/0
display  D   display_settings.c:506  _al_score_display_settings       [   0.04385] Score is : 769
display  D   display_settings.c:191  debug_display_settings           [   0.04387] color: 32 (rgba 8880), depth: 24, stencil: 8, acc: 0000, samples: 0/0
display  D   display_settings.c:506  _al_score_display_settings       [   0.04389] Score is : 769
display  D   display_settings.c:191  debug_display_settings           [   0.04390] color: 32 (rgba 8880), depth: 24, stencil: 8, acc: 0000, samples: 0/0
display  D   display_settings.c:506  _al_score_display_settings       [   0.04392] Score is : 769
display  D   display_settings.c:191  debug_display_settings           [   0.04394] color: 32 (rgba 8880), depth: 24, stencil: 0, acc: 0000, samples: 0/0
display  D   display_settings.c:506  _al_score_display_settings       [   0.04396] Score is : 769
display  D   display_settings.c:191  debug_display_settings           [   0.04397] color: 32 (rgba 8880), depth: 24, stencil: 0, acc: 0000, samples: 0/0
display  D   display_settings.c:506  _al_score_display_settings       [   0.04399] Score is : 769
display  D   display_settings.c:191  debug_display_settings           [   0.04401] color: 32 (rgba 8880), depth: 16, stencil: 0, acc: 0000, samples: 0/0
display  D   display_settings.c:506  _al_score_display_settings       [   0.04403] Score is : 769
display  D   display_settings.c:191  debug_display_settings           [   0.04404] color: 32 (rgba 8880), depth: 16, stencil: 0, acc: 0000, samples: 0/0
display  D   display_settings.c:506  _al_score_display_settings       [   0.04406] Score is : 769
display  D   display_settings.c:191  debug_display_settings           [   0.04408] color: 16 (rgba 5650), depth: 0, stencil: 0, acc: 0000, samples: 0/0
display  D   display_settings.c:506  _al_score_display_settings       [   0.04410] Score is : 769
display  D   display_settings.c:191  debug_display_settings           [   0.04411] color: 16 (rgba 5650), depth: 0, stencil: 0, acc: 0000, samples: 0/0
display  D   display_settings.c:506  _al_score_display_settings       [   0.04413] Score is : 769
display  D   display_settings.c:191  debug_display_settings           [   0.04415] color: 16 (rgba 5650), depth: 24, stencil: 8, acc: 0000, samples: 0/0
display  D   display_settings.c:506  _al_score_display_settings       [   0.04417] Score is : 769
display  D   display_settings.c:191  debug_display_settings           [   0.04419] color: 16 (rgba 5650), depth: 24, stencil: 8, acc: 0000, samples: 0/0
display  D   display_settings.c:506  _al_score_display_settings       [   0.04421] Score is : 769
display  D   display_settings.c:191  debug_display_settings           [   0.04422] color: 16 (rgba 5650), depth: 24, stencil: 0, acc: 0000, samples: 0/0
display  D   display_settings.c:506  _al_score_display_settings       [   0.04424] Score is : 769
display  D   display_settings.c:191  debug_display_settings           [   0.04426] color: 16 (rgba 5650), depth: 24, stencil: 0, acc: 0000, samples: 0/0
display  D   display_settings.c:506  _al_score_display_settings       [   0.04428] Score is : 769
display  D   display_settings.c:191  debug_display_settings           [   0.04429] color: 16 (rgba 5650), depth: 16, stencil: 0, acc: 0000, samples: 0/0
display  D   display_settings.c:506  _al_score_display_settings       [   0.04431] Score is : 769
display  D   display_settings.c:191  debug_display_settings           [   0.04432] color: 16 (rgba 5650), depth: 16, stencil: 0, acc: 0000, samples: 0/0
display  D   display_settings.c:506  _al_score_display_settings       [   0.04434] Score is : 769
display  D   display_settings.c:191  debug_display_settings           [   0.04436] color: 32 (rgba 8880), depth: 0, stencil: 0, acc: 0000, samples: 0/0
display  D   display_settings.c:377  _al_score_display_settings       [   0.04438] Single Buffer requirement not met.
display  D   display_settings.c:191  debug_display_settings           [   0.04439] color: 32 (rgba 8880), depth: 0, stencil: 0, acc: 0000, samples: 0/0
display  D   display_settings.c:377  _al_score_display_settings       [   0.04441] Single Buffer requirement not met.
display  D   display_settings.c:191  debug_display_settings           [   0.04443] color: 32 (rgba 8880), depth: 24, stencil: 8, acc: 0000, samples: 0/0
display  D   display_settings.c:377  _al_score_display_settings       [   0.04445] Single Buffer requirement not met.
display  D   display_settings.c:191  debug_display_settings           [   0.04446] color: 32 (rgba 8880), depth: 24, stencil: 8, acc: 0000, samples: 0/0
display  D   display_settings.c:377  _al_score_display_settings       [   0.04448] Single Buffer requirement not met.
display  D   display_settings.c:191  debug_display_settings           [   0.04450] color: 32 (rgba 8880), depth: 24, stencil: 0, acc: 0000, samples: 0/0
display  D   display_settings.c:377  _al_score_display_settings       [   0.04452] Single Buffer requirement not met.
display  D   display_settings.c:191  debug_display_settings           [   0.04453] color: 32 (rgba 8880), depth: 24, stencil: 0, acc: 0000, samples: 0/0
display  D   display_settings.c:377  _al_score_display_settings       [   0.04455] Single Buffer requirement not met.
display  D   display_settings.c:191  debug_display_settings           [   0.04457] color: 32 (rgba 8880), depth: 16, stencil: 0, acc: 0000, samples: 0/0
display  D   display_settings.c:377  _al_score_display_settings       [   0.04459] Single Buffer requirement not met.
display  D   display_settings.c:191  debug_display_settings           [   0.04461] color: 32 (rgba 8880), depth: 16, stencil: 0, acc: 0000, samples: 0/0
display  D   display_settings.c:377  _al_score_display_settings       [   0.04463] Single Buffer requirement not met.
display  D   display_settings.c:191  debug_display_settings           [   0.04464] color: 16 (rgba 5650), depth: 0, stencil: 0, acc: 0000, samples: 0/0
display  D   display_settings.c:377  _al_score_display_settings       [   0.04466] Single Buffer requirement not met.
display  D   display_settings.c:191  debug_display_settings           [   0.04468] color: 16 (rgba 5650), depth: 0, stencil: 0, acc: 0000, samples: 0/0
display  D   display_settings.c:377  _al_score_display_settings       [   0.04470] Single Buffer requirement not met.
display  D   display_settings.c:191  debug_display_settings           [   0.04471] color: 16 (rgba 5650), depth: 24, stencil: 8, acc: 0000, samples: 0/0
display  D   display_settings.c:377  _al_score_display_settings       [   0.04479] Single Buffer requirement not met.
display  D   display_settings.c:191  debug_display_settings           [   0.04482] color: 16 (rgba 5650), depth: 24, stencil: 8, acc: 0000, samples: 0/0
display  D   display_settings.c:377  _al_score_display_settings       [   0.04484] Single Buffer requirement not met.
display  D   display_settings.c:191  debug_display_settings           [   0.04485] color: 16 (rgba 5650), depth: 24, stencil: 0, acc: 0000, samples: 0/0
display  D   display_settings.c:377  _al_score_display_settings       [   0.04487] Single Buffer requirement not met.
display  D   display_settings.c:191  debug_display_settings           [   0.04488] color: 16 (rgba 5650), depth: 24, stencil: 0, acc: 0000, samples: 0/0
display  D   display_settings.c:377  _al_score_display_settings       [   0.04490] Single Buffer requirement not met.
display  D   display_settings.c:191  debug_display_settings           [   0.04492] color: 16 (rgba 5650), depth: 16, stencil: 0, acc: 0000, samples: 0/0
display  D   display_settings.c:377  _al_score_display_settings       [   0.04494] Single Buffer requirement not met.
display  D   display_settings.c:191  debug_display_settings           [   0.04496] color: 16 (rgba 5650), depth: 16, stencil: 0, acc: 0000, samples: 0/0
display  D   display_settings.c:377  _al_score_display_settings       [   0.04498] Single Buffer requirement not met.
d3d      D         d3d_disp.cpp:1645 d3d_create_display_internals     [   0.04502] Trying format 0.
d3d      I         d3d_disp.cpp:1326 d3d_display_thread_proc          [   0.04644] Chose a display format: 23
d3d      I         d3d_disp.cpp:1395 d3d_display_thread_proc          [   0.04650] Normal window.
d3d      I         d3d_disp.cpp:801  d3d_create_device                [   0.06805] Using no depth stencil buffer
d3d      D         d3d_disp.cpp:866  d3d_create_device                [   0.08287] BeginScene succeeded in create_device
d3d      D         d3d_disp.cpp:874  d3d_create_device                [   0.08292] Success
d3d      D         d3d_disp.cpp:1668 d3d_create_display_internals     [   0.08303] Resumed after wait.
d3d      I         d3d_disp.cpp:1701 d3d_create_display_internals     [   0.08307] Format 0 succeeded.
d3d      D         d3d_disp.cpp:1724 d3d_create_display_internals     [   0.08314] Returning d3d_display: 00DA0050
d3d      D         d3d_disp.cpp:1749 d3d_create_display_locked        [   0.08316] al_display=00DA0050
d3d      D         d3d_disp.cpp:1750 d3d_create_display_locked        [   0.08317] al_display->vt=00E1DEE8
audio-dsound D           dsound.cpp:244  _dsound_open                     [   0.08621] Loading DirectSound module
system   D            wsystem.c:583  maybe_parent_dir                 [   0.08645] Also searching C:\Users\Brian\Desktop\EGP-410\GameAI\steering\
system   D            wsystem.c:633  _al_win_safe_load_library        [   0.08667] PathFindOnPath found: C:\WINDOWS\system32\dsound.dll
system   D            wsystem.c:544  load_library_at_path             [   0.08669] Calling LoadLibrary C:\WINDOWS\system32\dsound.dll
system   I            wsystem.c:547  load_library_at_path             [   0.09005] Loaded C:\WINDOWS\system32\dsound.dll
audio-dsound I           dsound.cpp:261  _dsound_open                     [   0.09012] Starting DirectSound...
audio-dsound D           dsound.cpp:271  _dsound_open                     [   0.15302] DirectSoundCreate8 succeeded
audio    I              audio.c:288  do_install_audio                 [   0.15550] Using DirectSound driver
audio-dsound D           dsound.cpp:306  _dsound_allocate_voice           [   0.15559] Allocating voice
audio-dsound D           dsound.cpp:365  _dsound_allocate_voice           [   0.15561] Allocated voice
dtor     D               dtor.c:184  _al_register_destructor          [   0.15563] added dtor for object 00D9C1A8, func 012D250E
dtor     D               dtor.c:184  _al_register_destructor          [   0.15566] added dtor for object 0784FF60, func 012D2919
audio-dsound D           dsound.cpp:462  _dsound_start_voice              [   0.15569] Starting voice
audio-dsound D           dsound.cpp:491  _dsound_start_voice              [   0.15570] CreateSoundBuffer
audio-dsound D           dsound.cpp:500  _dsound_start_voice              [   0.15757] CreateSoundBuffer succeeded
audio-dsound D           dsound.cpp:506  _dsound_start_voice              [   0.15762] Starting _dsound_update thread
audio-dsound I           dsound.cpp:516  _dsound_start_voice              [   0.15845] Voice started
dtor     D               dtor.c:184  _al_register_destructor          [   0.15850] added dtor for object 07850470, func 012D23EC
audio    D          kcm_mixer.c:121  _al_rechannel_matrix             [   0.15855] sample matrix:
audio    D          kcm_mixer.c:127  _al_rechannel_matrix             [   0.15857] 
audio    D          kcm_mixer.c:127  _al_rechannel_matrix             [   0.15859] 
font     D                ttf.c:792  al_load_ttf_font_stretch_f       [   0.15993] Font cour.ttf loaded with pixel size 0 x 20.
font     D                ttf.c:794  al_load_ttf_font_stretch_f       [   0.15996]     ascent=17.0, descent=-6.0, height=23.0
dtor     D               dtor.c:184  _al_register_destructor          [   0.16000] added dtor for object 078328E0, func 012D1B36
dtor     D               dtor.c:184  _al_register_destructor          [   0.16012] added dtor for object 078305D8, func 012D27A7
wav      I                wav.c:107  wav_open                         [   0.16051] Ignoring chunk: fact
dtor     D               dtor.c:184  _al_register_destructor          [   0.16058] added dtor for object 0786D2C0, func 012D2379
d3d      D         d3d_disp.cpp:1166 real_choose_bitmap_format        [   0.16129] Fake format
d3d      D         d3d_disp.cpp:1166 real_choose_bitmap_format        [   0.16132] Fake format
d3d      D         d3d_disp.cpp:1166 real_choose_bitmap_format        [   0.16133] Fake format
d3d      D         d3d_disp.cpp:1166 real_choose_bitmap_format        [   0.16134] Fake format
d3d      D         d3d_disp.cpp:1166 real_choose_bitmap_format        [   0.16136] Fake format
d3d      D         d3d_disp.cpp:1166 real_choose_bitmap_format        [   0.16137] Fake format
d3d      D         d3d_disp.cpp:1166 real_choose_bitmap_format        [   0.16139] Fake format
d3d      D         d3d_disp.cpp:1166 real_choose_bitmap_format        [   0.16140] Fake format
d3d      D         d3d_disp.cpp:1166 real_choose_bitmap_format        [   0.16141] Fake format
d3d      D         d3d_disp.cpp:1174 real_choose_bitmap_format        [   0.16143] Alpha doesn't match
d3d      D         d3d_disp.cpp:1181 real_choose_bitmap_format        [   0.16144] Adapter format is 23
d3d      D         d3d_disp.cpp:1184 real_choose_bitmap_format        [   0.16146] Found a format
d3d      I         d3d_disp.cpp:2283 _al_d3d_create_bitmap            [   0.16147] Chose bitmap format 9
dtor     D               dtor.c:184  _al_register_destructor          [   0.16364] added dtor for object 0786A0B8, func 012D2590
d3d      D          d3d_bmp.cpp:467  _al_d3d_sync_bitmap              [   0.16984] _al_d3d_sync_bitmap (system) ref count == 1
d3d      D          d3d_bmp.cpp:473  _al_d3d_sync_bitmap              [   0.16989] _al_d3d_sync_bitmap (video) ref count == 1
d3d      D         d3d_disp.cpp:1166 real_choose_bitmap_format        [   0.30029] Fake format
d3d      D         d3d_disp.cpp:1166 real_choose_bitmap_format        [   0.30034] Fake format
d3d      D         d3d_disp.cpp:1166 real_choose_bitmap_format        [   0.30035] Fake format
d3d      D         d3d_disp.cpp:1166 real_choose_bitmap_format        [   0.30037] Fake format
d3d      D         d3d_disp.cpp:1166 real_choose_bitmap_format        [   0.30038] Fake format
d3d      D         d3d_disp.cpp:1166 real_choose_bitmap_format        [   0.30040] Fake format
d3d      D         d3d_disp.cpp:1166 real_choose_bitmap_format        [   0.30041] Fake format
d3d      D         d3d_disp.cpp:1166 real_choose_bitmap_format        [   0.30043] Fake format
d3d      D         d3d_disp.cpp:1166 real_choose_bitmap_format        [   0.30045] Fake format
d3d      D         d3d_disp.cpp:1174 real_choose_bitmap_format        [   0.30047] Alpha doesn't match
d3d      D         d3d_disp.cpp:1181 real_choose_bitmap_format        [   0.30048] Adapter format is 23
d3d      D         d3d_disp.cpp:1184 real_choose_bitmap_format        [   0.30050] Found a format
d3d      I         d3d_disp.cpp:2283 _al_d3d_create_bitmap            [   0.30051] Chose bitmap format 9
dtor     D               dtor.c:184  _al_register_destructor          [   0.30068] added dtor for object 07884E70, func 012D2590
d3d      D          d3d_bmp.cpp:467  _al_d3d_sync_bitmap              [   0.30232] _al_d3d_sync_bitmap (system) ref count == 1
d3d      D          d3d_bmp.cpp:473  _al_d3d_sync_bitmap              [   0.30238] _al_d3d_sync_bitmap (video) ref count == 1
d3d      D         d3d_disp.cpp:1166 real_choose_bitmap_format        [   0.30538] Fake format
d3d      D         d3d_disp.cpp:1166 real_choose_bitmap_format        [   0.30542] Fake format
d3d      D         d3d_disp.cpp:1166 real_choose_bitmap_format        [   0.30543] Fake format
d3d      D         d3d_disp.cpp:1166 real_choose_bitmap_format        [   0.30545] Fake format
d3d      D         d3d_disp.cpp:1166 real_choose_bitmap_format        [   0.30547] Fake format
d3d      D         d3d_disp.cpp:1166 real_choose_bitmap_format        [   0.30548] Fake format
d3d      D         d3d_disp.cpp:1166 real_choose_bitmap_format        [   0.30550] Fake format
d3d      D         d3d_disp.cpp:1166 real_choose_bitmap_format        [   0.30551] Fake format
d3d      D         d3d_disp.cpp:1166 real_choose_bitmap_format        [   0.30553] Fake format
d3d      D         d3d_disp.cpp:1174 real_choose_bitmap_format        [   0.30554] Alpha doesn't match
d3d      D         d3d_disp.cpp:1181 real_choose_bitmap_format        [   0.30556] Adapter format is 23
d3d      D         d3d_disp.cpp:1184 real_choose_bitmap_format        [   0.30558] Found a format
d3d      I         d3d_disp.cpp:2283 _al_d3d_create_bitmap            [   0.30560] Chose bitmap format 9
dtor     D               dtor.c:184  _al_register_destructor          [   0.30577] added dtor for object 078842D8, func 012D2590
d3d      D          d3d_bmp.cpp:467  _al_d3d_sync_bitmap              [   0.30587] _al_d3d_sync_bitmap (system) ref count == 1
d3d      D          d3d_bmp.cpp:473  _al_d3d_sync_bitmap              [   0.30589] _al_d3d_sync_bitmap (video) ref count == 1
d3d      D         d3d_disp.cpp:1166 real_choose_bitmap_format        [   0.31179] Fake format
d3d      D         d3d_disp.cpp:1166 real_choose_bitmap_format        [   0.31183] Fake format
d3d      D         d3d_disp.cpp:1166 real_choose_bitmap_format        [   0.31185] Fake format
d3d      D         d3d_disp.cpp:1166 real_choose_bitmap_format        [   0.31187] Fake format
d3d      D         d3d_disp.cpp:1166 real_choose_bitmap_format        [   0.31188] Fake format
d3d      D         d3d_disp.cpp:1166 real_choose_bitmap_format        [   0.31189] Fake format
d3d      D         d3d_disp.cpp:1166 real_choose_bitmap_format        [   0.31191] Fake format
d3d      D         d3d_disp.cpp:1166 real_choose_bitmap_format        [   0.31192] Fake format
d3d      D         d3d_disp.cpp:1166 real_choose_bitmap_format        [   0.31193] Fake format
d3d      D         d3d_disp.cpp:1174 real_choose_bitmap_format        [   0.31195] Alpha doesn't match
d3d      D         d3d_disp.cpp:1181 real_choose_bitmap_format        [   0.31196] Adapter format is 23
d3d      D         d3d_disp.cpp:1184 real_choose_bitmap_format        [   0.31198] Found a format
d3d      I         d3d_disp.cpp:2283 _al_d3d_create_bitmap            [   0.31199] Chose bitmap format 9
font     D                ttf.c:217  alloc_glyph_region               [   0.31255] Glyph 19: 11x15 (12x16)
d3d      D          d3d_bmp.cpp:467  _al_d3d_sync_bitmap              [   0.31509] _al_d3d_sync_bitmap (system) ref count == 1
d3d      D          d3d_bmp.cpp:473  _al_d3d_sync_bitmap              [   0.31516] _al_d3d_sync_bitmap (video) ref count == 2
font     D                ttf.c:217  alloc_glyph_region               [   0.31669] Glyph 29: 5x11 (8x12)
d3d      D          d3d_bmp.cpp:467  _al_d3d_sync_bitmap              [   0.31813] _al_d3d_sync_bitmap (system) ref count == 1
d3d      D          d3d_bmp.cpp:473  _al_d3d_sync_bitmap              [   0.31818] _al_d3d_sync_bitmap (video) ref count == 1
d3d      D          d3d_bmp.cpp:467  _al_d3d_sync_bitmap              [   0.32090] _al_d3d_sync_bitmap (system) ref count == 1
d3d      D          d3d_bmp.cpp:473  _al_d3d_sync_bitmap              [   0.32093] _al_d3d_sync_bitmap (video) ref count == 1
d3d      D          d3d_bmp.cpp:467  _al_d3d_sync_bitmap              [   0.32118] _al_d3d_sync_bitmap (system) ref count == 1
d3d      D          d3d_bmp.cpp:473  _al_d3d_sync_bitmap              [   0.32120] _al_d3d_sync_bitmap (video) ref count == 1
d3d      D          d3d_bmp.cpp:467  _al_d3d_sync_bitmap              [   0.32140] _al_d3d_sync_bitmap (system) ref count == 1
d3d      D          d3d_bmp.cpp:473  _al_d3d_sync_bitmap              [   0.32142] _al_d3d_sync_bitmap (video) ref count == 2
font     D                ttf.c:217  alloc_glyph_region               [   0.41202] Glyph 25: 12x15 (12x16)
d3d      D          d3d_bmp.cpp:467  _al_d3d_sync_bitmap              [   0.41208] _al_d3d_sync_bitmap (system) ref count == 1
d3d      D          d3d_bmp.cpp:473  _al_d3d_sync_bitmap              [   0.41210] _al_d3d_sync_bitmap (video) ref count == 2
font     D                ttf.c:217  alloc_glyph_region               [   0.41357] Glyph 23: 10x15 (12x16)
font     D                ttf.c:217  alloc_glyph_region               [   0.41373] Glyph 26: 10x15 (12x16)
d3d      D          d3d_bmp.cpp:467  _al_d3d_sync_bitmap              [   0.41489] _al_d3d_sync_bitmap (system) ref count == 1
d3d      D          d3d_bmp.cpp:473  _al_d3d_sync_bitmap              [   0.41495] _al_d3d_sync_bitmap (video) ref count == 2
d3d      I         d3d_disp.cpp:921  d3d_destroy_display              [   1.87437] destroying display 00DA0050 (current 00000000)
bitmap   D             bitmap.c:548  _al_convert_to_memory_bitmap     [   1.87442] converting display bitmap 078C7F80 to memory bitmap
d3d      D          d3d_bmp.cpp:467  _al_d3d_sync_bitmap              [   1.87458] _al_d3d_sync_bitmap (system) ref count == 1
d3d      D          d3d_bmp.cpp:473  _al_d3d_sync_bitmap              [   1.87459] _al_d3d_sync_bitmap (video) ref count == 2
d3d      W          d3d_bmp.cpp:743  d3d_destroy_bitmap               [   1.87557] d3d_destroy_bitmap: Release video texture failed.
bitmap   D             bitmap.c:548  _al_convert_to_memory_bitmap     [   1.87582] converting display bitmap 078842D8 to memory bitmap
d3d      D          d3d_bmp.cpp:467  _al_d3d_sync_bitmap              [   1.87587] _al_d3d_sync_bitmap (system) ref count == 1
d3d      D          d3d_bmp.cpp:473  _al_d3d_sync_bitmap              [   1.87589] _al_d3d_sync_bitmap (video) ref count == 1
bitmap   D             bitmap.c:548  _al_convert_to_memory_bitmap     [   1.87950] converting display bitmap 07884E70 to memory bitmap
d3d      D          d3d_bmp.cpp:467  _al_d3d_sync_bitmap              [   1.87960] _al_d3d_sync_bitmap (system) ref count == 1
d3d      D          d3d_bmp.cpp:473  _al_d3d_sync_bitmap              [   1.87963] _al_d3d_sync_bitmap (video) ref count == 1
bitmap   D             bitmap.c:548  _al_convert_to_memory_bitmap     [   1.88123] converting display bitmap 0786A0B8 to memory bitmap
d3d      D          d3d_bmp.cpp:467  _al_d3d_sync_bitmap              [   1.88254] _al_d3d_sync_bitmap (system) ref count == 1
d3d      D          d3d_bmp.cpp:473  _al_d3d_sync_bitmap              [   1.88256] _al_d3d_sync_bitmap (video) ref count == 1
d3d      D         d3d_disp.cpp:905  d3d_destroy_display_internals    [   1.88613] waiting for display 00DA0050's thread to end
d3d      W         d3d_disp.cpp:617  d3d_destroy_device               [   1.89689] d3d_destroy_device: ref count not 0
d3d      I         d3d_disp.cpp:1527 d3d_display_thread_proc          [   1.90746] d3d display thread exits
dtor     D               dtor.c:214  _al_unregister_destructor        [   1.90793] removed dtor for object 0786A0B8
dtor     D               dtor.c:214  _al_unregister_destructor        [   1.90871] removed dtor for object 07884E70
dtor     D               dtor.c:214  _al_unregister_destructor        [   1.90880] removed dtor for object 078842D8
dtor     D               dtor.c:214  _al_unregister_destructor        [   1.90917] removed dtor for object 0786D2C0
dtor     D               dtor.c:214  _al_unregister_destructor        [   1.90926] removed dtor for object 078328E0
dtor     D               dtor.c:214  _al_unregister_destructor        [   1.90945] removed dtor for object 07850470
dtor     D               dtor.c:214  _al_unregister_destructor        [   1.90947] removed dtor for object 0784FF60
audio-dsound D           dsound.cpp:526  _dsound_stop_voice               [   1.90948] Stopping voice
audio-dsound D           dsound.cpp:542  _dsound_stop_voice               [   1.90949] Joining thread
audio-dsound D           dsound.cpp:548  _dsound_stop_voice               [   1.91648] Joined thread
audio-dsound D           dsound.cpp:550  _dsound_stop_voice               [   1.91656] Destroying thread
audio-dsound D           dsound.cpp:552  _dsound_stop_voice               [   1.91661] Thread destroyed
audio-dsound D           dsound.cpp:555  _dsound_stop_voice               [   1.91663] Releasing buffer
audio-dsound I           dsound.cpp:559  _dsound_stop_voice               [   1.91666] Voice stopped
dtor     D               dtor.c:214  _al_unregister_destructor        [   1.91671] removed dtor for object 00D9C1A8
audio-dsound D           dsound.cpp:375  _dsound_deallocate_voice         [   1.91673] Deallocating voice
audio-dsound D           dsound.cpp:380  _dsound_deallocate_voice         [   1.91674] Deallocated voice
audio-dsound D           dsound.cpp:289  _dsound_close                    [   1.91677] Releasing device
audio-dsound D           dsound.cpp:291  _dsound_close                    [   1.93024] Released device
audio-dsound I           dsound.cpp:294  _dsound_close                    [   1.93030] DirectSound closed
dtor     D               dtor.c:214  _al_unregister_destructor        [   1.93041] removed dtor for object 078305D8
font     E                ttf.c:885  al_shutdown_ttf_addon            [   1.93047] TTF addon not initialised.
