c:\users\student\documents\_brian\egp-410\gameai\steering\debug\vc140.pdb
c:\users\student\documents\_brian\egp-410\gameai\steering\debug\vc140.idb
c:\users\student\documents\_brian\egp-410\gameai\steering\debug\graphicsbuffer.obj
c:\users\student\documents\_brian\egp-410\gameai\steering\debug\graphicsbuffermanager.obj
c:\users\student\documents\_brian\egp-410\gameai\steering\debug\graphicssystem.obj
c:\users\student\documents\_brian\egp-410\gameai\steering\debug\inputmanager.obj
c:\users\student\documents\_brian\egp-410\gameai\steering\debug\kinematic.obj
c:\users\student\documents\_brian\egp-410\gameai\steering\debug\kinematicarrivesteering.obj
c:\users\student\documents\_brian\egp-410\gameai\steering\debug\kinematicseeksteering.obj
c:\users\student\documents\_brian\egp-410\gameai\steering\debug\kinematicunit.obj
c:\users\student\documents\_brian\egp-410\gameai\steering\debug\kinematicwandersteering.obj
c:\users\student\documents\_brian\egp-410\gameai\steering\debug\main.obj
c:\users\student\documents\_brian\egp-410\gameai\steering\debug\playermovetomessage.obj
c:\users\student\documents\_brian\egp-410\gameai\steering\debug\properties.obj
c:\users\student\documents\_brian\egp-410\gameai\steering\debug\selectpropertiesmessage.obj
c:\users\student\documents\_brian\egp-410\gameai\steering\debug\seperationsteering.obj
c:\users\student\documents\_brian\egp-410\gameai\steering\debug\sprite.obj
c:\users\student\documents\_brian\egp-410\gameai\steering\debug\spritemanager.obj
c:\users\student\documents\_brian\egp-410\gameai\steering\debug\steering.obj
c:\users\student\documents\_brian\egp-410\gameai\steering\debug\togglepropertiesmessage.obj
c:\users\student\documents\_brian\egp-410\gameai\steering\debug\unitmanager.obj
c:\users\student\documents\_brian\egp-410\gameai\steering\debug\wanderandseeksteering.obj
c:\users\student\documents\_brian\egp-410\gameai\steering\debug\addunitmessage.obj
c:\users\student\documents\_brian\egp-410\gameai\steering\debug\alignmentsteering.obj
c:\users\student\documents\_brian\egp-410\gameai\steering\debug\boidssteering.obj
c:\users\student\documents\_brian\egp-410\gameai\steering\debug\boxcollision.obj
c:\users\student\documents\_brian\egp-410\gameai\steering\debug\changecurrentpropertymessage.obj
c:\users\student\documents\_brian\egp-410\gameai\steering\debug\cohesionsteering.obj
c:\users\student\documents\_brian\egp-410\gameai\steering\debug\deleteunitmessage.obj
c:\users\student\documents\_brian\egp-410\gameai\steering\debug\dynamicarrivesteering.obj
c:\users\student\documents\_brian\egp-410\gameai\steering\debug\dynamicseeksteering.obj
c:\users\student\documents\_brian\egp-410\gameai\steering\debug\exitgamemessage.obj
c:\users\student\documents\_brian\egp-410\gameai\steering\debug\game.obj
c:\users\student\documents\_brian\egp-410\gameai\steering\debug\gamemessage.obj
c:\users\student\documents\_brian\egp-410\gameai\steering\debug\gamemessagemanager.obj
c:\users\student\documents\_brian\egp-410\gameai\steering\debug\cylindercollision.obj
c:\users\student\documents\_brian\egp-410\gameai\steering\debug\steering.pdb
c:\users\student\documents\_brian\egp-410\gameai\steering\debug\steering.tlog\cl.command.1.tlog
c:\users\student\documents\_brian\egp-410\gameai\steering\debug\steering.tlog\cl.read.1.tlog
c:\users\student\documents\_brian\egp-410\gameai\steering\debug\steering.tlog\cl.write.1.tlog
c:\users\student\documents\_brian\egp-410\gameai\steering\debug\steering.tlog\link-cvtres.read.1.tlog
c:\users\student\documents\_brian\egp-410\gameai\steering\debug\steering.tlog\link-cvtres.write.1.tlog
c:\users\student\documents\_brian\egp-410\gameai\steering\debug\steering.tlog\link-rc.read.1.tlog
c:\users\student\documents\_brian\egp-410\gameai\steering\debug\steering.tlog\link-rc.write.1.tlog
c:\users\student\documents\_brian\egp-410\gameai\steering\debug\steering.tlog\link.command.1.tlog
c:\users\student\documents\_brian\egp-410\gameai\steering\debug\steering.tlog\link.read.1.tlog
c:\users\student\documents\_brian\egp-410\gameai\steering\debug\steering.tlog\link.write.1.tlog
