c:\users\student\documents\_brian\egp-410\gameai\pathfinding\pathfinding\editor\debug\vc140.pdb
c:\users\student\documents\_brian\egp-410\gameai\pathfinding\pathfinding\editor\debug\vc140.idb
c:\users\student\documents\_brian\egp-410\gameai\pathfinding\pathfinding\editor\debug\editor.obj
c:\users\student\documents\_brian\egp-410\gameai\pathfinding\pathfinding\editor\debug\main.obj
c:\users\student\documents\_brian\egp-410\gameai\pathfinding\pathfinding\debug\editor.ilk
c:\users\student\documents\_brian\egp-410\gameai\pathfinding\pathfinding\debug\editor.exe
c:\users\student\documents\_brian\egp-410\gameai\pathfinding\pathfinding\debug\editor.map
c:\users\student\documents\_brian\egp-410\gameai\pathfinding\pathfinding\debug\editor.pdb
c:\users\brian\documents\_champlain\_montreal2016\gitrepos\egp-410\gameai\pathfinding\pathfinding\editor\debug\editor.obj
c:\users\brian\documents\_champlain\_montreal2016\gitrepos\egp-410\gameai\pathfinding\pathfinding\editor\debug\main.obj
c:\users\brian\documents\_champlain\_montreal2016\gitrepos\egp-410\gameai\pathfinding\pathfinding\editor\debug\vc140.idb
c:\users\brian\documents\_champlain\_montreal2016\gitrepos\egp-410\gameai\pathfinding\pathfinding\editor\debug\vc140.pdb
c:\users\brian\documents\_champlain\_montreal2016\gitrepos\egp-410\gameai\pathfinding\pathfinding\debug\editor.pdb
c:\users\brian\documents\_champlain\_montreal2016\gitrepos\egp-410\gameai\pathfinding\pathfinding\debug\editor.exe
c:\users\brian\documents\_champlain\_montreal2016\gitrepos\egp-410\gameai\pathfinding\pathfinding\debug\editor.ilk
c:\users\brian\documents\_champlain\_montreal2016\gitrepos\egp-410\gameai\pathfinding\pathfinding\editor\debug\editor.tlog\cl.command.1.tlog
c:\users\brian\documents\_champlain\_montreal2016\gitrepos\egp-410\gameai\pathfinding\pathfinding\editor\debug\editor.tlog\cl.read.1.tlog
c:\users\brian\documents\_champlain\_montreal2016\gitrepos\egp-410\gameai\pathfinding\pathfinding\editor\debug\editor.tlog\cl.write.1.tlog
c:\users\brian\documents\_champlain\_montreal2016\gitrepos\egp-410\gameai\pathfinding\pathfinding\editor\debug\editor.tlog\link.command.1.tlog
c:\users\brian\documents\_champlain\_montreal2016\gitrepos\egp-410\gameai\pathfinding\pathfinding\editor\debug\editor.tlog\link.read.1.tlog
c:\users\brian\documents\_champlain\_montreal2016\gitrepos\egp-410\gameai\pathfinding\pathfinding\editor\debug\editor.tlog\link.write.1.tlog
