system   D            wsystem.c:583  maybe_parent_dir                 [   0.00138] Also searching C:\Users\Brian\Documents\_Champlain\_Montreal2016\GitRepos\EGP-410\GameAI\pathfinding\Pathfinding\
system   D            wsystem.c:633  _al_win_safe_load_library        [   0.00255] PathFindOnPath found: C:\WINDOWS\system32\d3d9.dll
system   D            wsystem.c:544  load_library_at_path             [   0.00259] Calling LoadLibrary C:\WINDOWS\system32\d3d9.dll
system   I            wsystem.c:547  load_library_at_path             [   0.05122] Loaded C:\WINDOWS\system32\d3d9.dll
d3d      I         d3d_disp.cpp:696  _al_d3d_init_display             [   0.11712] Render-to-texture: 1
system   I             system.c:252  al_install_system                [   0.11721] Allegro version: 5.0.10
d3d      I         d3d_disp.cpp:1737 d3d_create_display_locked        [   0.11857] faux_fullscreen=0
d3d      D         d3d_disp.cpp:1738 d3d_create_display_locked        [   0.11861] al_display=01244BB0
d3d      D         d3d_disp.cpp:1739 d3d_create_display_locked        [   0.11862] al_display->vt=01227220
d3d      I d3d_display_formats.cpp:144  _al_d3d_generate_display_format_list [   0.12970] found 64 format combinations
display  D   display_settings.c:191  debug_display_settings           [   0.12976] color: 32 (rgba 8880), depth: 0, stencil: 0, acc: 0000, samples: 0/0
display  D   display_settings.c:506  _al_score_display_settings       [   0.12979] Score is : 897
display  D   display_settings.c:191  debug_display_settings           [   0.12980] color: 32 (rgba 8880), depth: 0, stencil: 0, acc: 0000, samples: 0/0
display  D   display_settings.c:506  _al_score_display_settings       [   0.12983] Score is : 897
display  D   display_settings.c:191  debug_display_settings           [   0.12984] color: 32 (rgba 8880), depth: 24, stencil: 8, acc: 0000, samples: 0/0
display  D   display_settings.c:506  _al_score_display_settings       [   0.12986] Score is : 897
display  D   display_settings.c:191  debug_display_settings           [   0.12988] color: 32 (rgba 8880), depth: 24, stencil: 8, acc: 0000, samples: 0/0
display  D   display_settings.c:506  _al_score_display_settings       [   0.12990] Score is : 897
display  D   display_settings.c:191  debug_display_settings           [   0.12991] color: 32 (rgba 8880), depth: 24, stencil: 0, acc: 0000, samples: 0/0
display  D   display_settings.c:506  _al_score_display_settings       [   0.12993] Score is : 897
display  D   display_settings.c:191  debug_display_settings           [   0.12995] color: 32 (rgba 8880), depth: 24, stencil: 0, acc: 0000, samples: 0/0
display  D   display_settings.c:506  _al_score_display_settings       [   0.12997] Score is : 897
display  D   display_settings.c:191  debug_display_settings           [   0.12998] color: 32 (rgba 8880), depth: 16, stencil: 0, acc: 0000, samples: 0/0
display  D   display_settings.c:506  _al_score_display_settings       [   0.13000] Score is : 897
display  D   display_settings.c:191  debug_display_settings           [   0.13002] color: 32 (rgba 8880), depth: 16, stencil: 0, acc: 0000, samples: 0/0
display  D   display_settings.c:506  _al_score_display_settings       [   0.13004] Score is : 897
display  D   display_settings.c:191  debug_display_settings           [   0.13005] color: 16 (rgba 5650), depth: 0, stencil: 0, acc: 0000, samples: 0/0
display  D   display_settings.c:506  _al_score_display_settings       [   0.13008] Score is : 897
display  D   display_settings.c:191  debug_display_settings           [   0.13009] color: 16 (rgba 5650), depth: 0, stencil: 0, acc: 0000, samples: 0/0
display  D   display_settings.c:506  _al_score_display_settings       [   0.13011] Score is : 897
display  D   display_settings.c:191  debug_display_settings           [   0.13013] color: 16 (rgba 5650), depth: 24, stencil: 8, acc: 0000, samples: 0/0
display  D   display_settings.c:506  _al_score_display_settings       [   0.13015] Score is : 897
display  D   display_settings.c:191  debug_display_settings           [   0.13016] color: 16 (rgba 5650), depth: 24, stencil: 8, acc: 0000, samples: 0/0
display  D   display_settings.c:506  _al_score_display_settings       [   0.13026] Score is : 897
display  D   display_settings.c:191  debug_display_settings           [   0.13029] color: 16 (rgba 5650), depth: 24, stencil: 0, acc: 0000, samples: 0/0
display  D   display_settings.c:506  _al_score_display_settings       [   0.13031] Score is : 897
display  D   display_settings.c:191  debug_display_settings           [   0.13033] color: 16 (rgba 5650), depth: 24, stencil: 0, acc: 0000, samples: 0/0
display  D   display_settings.c:506  _al_score_display_settings       [   0.13035] Score is : 897
display  D   display_settings.c:191  debug_display_settings           [   0.13036] color: 16 (rgba 5650), depth: 16, stencil: 0, acc: 0000, samples: 0/0
display  D   display_settings.c:506  _al_score_display_settings       [   0.13038] Score is : 897
display  D   display_settings.c:191  debug_display_settings           [   0.13040] color: 16 (rgba 5650), depth: 16, stencil: 0, acc: 0000, samples: 0/0
display  D   display_settings.c:506  _al_score_display_settings       [   0.13042] Score is : 897
display  D   display_settings.c:191  debug_display_settings           [   0.13044] color: 32 (rgba 8880), depth: 0, stencil: 0, acc: 0000, samples: 0/0
display  D   display_settings.c:377  _al_score_display_settings       [   0.13046] Single Buffer requirement not met.
display  D   display_settings.c:191  debug_display_settings           [   0.13047] color: 32 (rgba 8880), depth: 0, stencil: 0, acc: 0000, samples: 0/0
display  D   display_settings.c:377  _al_score_display_settings       [   0.13049] Single Buffer requirement not met.
display  D   display_settings.c:191  debug_display_settings           [   0.13051] color: 32 (rgba 8880), depth: 24, stencil: 8, acc: 0000, samples: 0/0
display  D   display_settings.c:377  _al_score_display_settings       [   0.13053] Single Buffer requirement not met.
display  D   display_settings.c:191  debug_display_settings           [   0.13055] color: 32 (rgba 8880), depth: 24, stencil: 8, acc: 0000, samples: 0/0
display  D   display_settings.c:377  _al_score_display_settings       [   0.13058] Single Buffer requirement not met.
display  D   display_settings.c:191  debug_display_settings           [   0.13059] color: 32 (rgba 8880), depth: 24, stencil: 0, acc: 0000, samples: 0/0
display  D   display_settings.c:377  _al_score_display_settings       [   0.13061] Single Buffer requirement not met.
display  D   display_settings.c:191  debug_display_settings           [   0.13062] color: 32 (rgba 8880), depth: 24, stencil: 0, acc: 0000, samples: 0/0
display  D   display_settings.c:377  _al_score_display_settings       [   0.13064] Single Buffer requirement not met.
display  D   display_settings.c:191  debug_display_settings           [   0.13066] color: 32 (rgba 8880), depth: 16, stencil: 0, acc: 0000, samples: 0/0
display  D   display_settings.c:377  _al_score_display_settings       [   0.13068] Single Buffer requirement not met.
display  D   display_settings.c:191  debug_display_settings           [   0.13069] color: 32 (rgba 8880), depth: 16, stencil: 0, acc: 0000, samples: 0/0
display  D   display_settings.c:377  _al_score_display_settings       [   0.13071] Single Buffer requirement not met.
display  D   display_settings.c:191  debug_display_settings           [   0.13072] color: 16 (rgba 5650), depth: 0, stencil: 0, acc: 0000, samples: 0/0
display  D   display_settings.c:377  _al_score_display_settings       [   0.13074] Single Buffer requirement not met.
display  D   display_settings.c:191  debug_display_settings           [   0.13077] color: 16 (rgba 5650), depth: 0, stencil: 0, acc: 0000, samples: 0/0
display  D   display_settings.c:377  _al_score_display_settings       [   0.13080] Single Buffer requirement not met.
display  D   display_settings.c:191  debug_display_settings           [   0.13081] color: 16 (rgba 5650), depth: 24, stencil: 8, acc: 0000, samples: 0/0
display  D   display_settings.c:377  _al_score_display_settings       [   0.13083] Single Buffer requirement not met.
display  D   display_settings.c:191  debug_display_settings           [   0.13086] color: 16 (rgba 5650), depth: 24, stencil: 8, acc: 0000, samples: 0/0
display  D   display_settings.c:377  _al_score_display_settings       [   0.13088] Single Buffer requirement not met.
display  D   display_settings.c:191  debug_display_settings           [   0.13090] color: 16 (rgba 5650), depth: 24, stencil: 0, acc: 0000, samples: 0/0
display  D   display_settings.c:377  _al_score_display_settings       [   0.13092] Single Buffer requirement not met.
display  D   display_settings.c:191  debug_display_settings           [   0.13093] color: 16 (rgba 5650), depth: 24, stencil: 0, acc: 0000, samples: 0/0
display  D   display_settings.c:377  _al_score_display_settings       [   0.13095] Single Buffer requirement not met.
display  D   display_settings.c:191  debug_display_settings           [   0.13097] color: 16 (rgba 5650), depth: 16, stencil: 0, acc: 0000, samples: 0/0
display  D   display_settings.c:377  _al_score_display_settings       [   0.13099] Single Buffer requirement not met.
display  D   display_settings.c:191  debug_display_settings           [   0.13101] color: 16 (rgba 5650), depth: 16, stencil: 0, acc: 0000, samples: 0/0
display  D   display_settings.c:377  _al_score_display_settings       [   0.13102] Single Buffer requirement not met.
display  D   display_settings.c:191  debug_display_settings           [   0.13104] color: 32 (rgba 8880), depth: 0, stencil: 0, acc: 0000, samples: 0/0
display  D   display_settings.c:506  _al_score_display_settings       [   0.13106] Score is : 769
display  D   display_settings.c:191  debug_display_settings           [   0.13107] color: 32 (rgba 8880), depth: 0, stencil: 0, acc: 0000, samples: 0/0
display  D   display_settings.c:506  _al_score_display_settings       [   0.13109] Score is : 769
display  D   display_settings.c:191  debug_display_settings           [   0.13110] color: 32 (rgba 8880), depth: 24, stencil: 8, acc: 0000, samples: 0/0
display  D   display_settings.c:506  _al_score_display_settings       [   0.13112] Score is : 769
display  D   display_settings.c:191  debug_display_settings           [   0.13114] color: 32 (rgba 8880), depth: 24, stencil: 8, acc: 0000, samples: 0/0
display  D   display_settings.c:506  _al_score_display_settings       [   0.13116] Score is : 769
display  D   display_settings.c:191  debug_display_settings           [   0.13117] color: 32 (rgba 8880), depth: 24, stencil: 0, acc: 0000, samples: 0/0
display  D   display_settings.c:506  _al_score_display_settings       [   0.13119] Score is : 769
display  D   display_settings.c:191  debug_display_settings           [   0.13120] color: 32 (rgba 8880), depth: 24, stencil: 0, acc: 0000, samples: 0/0
display  D   display_settings.c:506  _al_score_display_settings       [   0.13122] Score is : 769
display  D   display_settings.c:191  debug_display_settings           [   0.13124] color: 32 (rgba 8880), depth: 16, stencil: 0, acc: 0000, samples: 0/0
display  D   display_settings.c:506  _al_score_display_settings       [   0.13126] Score is : 769
display  D   display_settings.c:191  debug_display_settings           [   0.13128] color: 32 (rgba 8880), depth: 16, stencil: 0, acc: 0000, samples: 0/0
display  D   display_settings.c:506  _al_score_display_settings       [   0.13130] Score is : 769
display  D   display_settings.c:191  debug_display_settings           [   0.13131] color: 16 (rgba 5650), depth: 0, stencil: 0, acc: 0000, samples: 0/0
display  D   display_settings.c:506  _al_score_display_settings       [   0.13133] Score is : 769
display  D   display_settings.c:191  debug_display_settings           [   0.13135] color: 16 (rgba 5650), depth: 0, stencil: 0, acc: 0000, samples: 0/0
display  D   display_settings.c:506  _al_score_display_settings       [   0.13137] Score is : 769
display  D   display_settings.c:191  debug_display_settings           [   0.13138] color: 16 (rgba 5650), depth: 24, stencil: 8, acc: 0000, samples: 0/0
display  D   display_settings.c:506  _al_score_display_settings       [   0.13141] Score is : 769
display  D   display_settings.c:191  debug_display_settings           [   0.13143] color: 16 (rgba 5650), depth: 24, stencil: 8, acc: 0000, samples: 0/0
display  D   display_settings.c:506  _al_score_display_settings       [   0.13145] Score is : 769
display  D   display_settings.c:191  debug_display_settings           [   0.13152] color: 16 (rgba 5650), depth: 24, stencil: 0, acc: 0000, samples: 0/0
display  D   display_settings.c:506  _al_score_display_settings       [   0.13154] Score is : 769
display  D   display_settings.c:191  debug_display_settings           [   0.13156] color: 16 (rgba 5650), depth: 24, stencil: 0, acc: 0000, samples: 0/0
display  D   display_settings.c:506  _al_score_display_settings       [   0.13158] Score is : 769
display  D   display_settings.c:191  debug_display_settings           [   0.13159] color: 16 (rgba 5650), depth: 16, stencil: 0, acc: 0000, samples: 0/0
display  D   display_settings.c:506  _al_score_display_settings       [   0.13161] Score is : 769
display  D   display_settings.c:191  debug_display_settings           [   0.13162] color: 16 (rgba 5650), depth: 16, stencil: 0, acc: 0000, samples: 0/0
display  D   display_settings.c:506  _al_score_display_settings       [   0.13165] Score is : 769
display  D   display_settings.c:191  debug_display_settings           [   0.13166] color: 32 (rgba 8880), depth: 0, stencil: 0, acc: 0000, samples: 0/0
display  D   display_settings.c:377  _al_score_display_settings       [   0.13168] Single Buffer requirement not met.
display  D   display_settings.c:191  debug_display_settings           [   0.13170] color: 32 (rgba 8880), depth: 0, stencil: 0, acc: 0000, samples: 0/0
display  D   display_settings.c:377  _al_score_display_settings       [   0.13172] Single Buffer requirement not met.
display  D   display_settings.c:191  debug_display_settings           [   0.13174] color: 32 (rgba 8880), depth: 24, stencil: 8, acc: 0000, samples: 0/0
display  D   display_settings.c:377  _al_score_display_settings       [   0.13177] Single Buffer requirement not met.
display  D   display_settings.c:191  debug_display_settings           [   0.13179] color: 32 (rgba 8880), depth: 24, stencil: 8, acc: 0000, samples: 0/0
display  D   display_settings.c:377  _al_score_display_settings       [   0.13181] Single Buffer requirement not met.
display  D   display_settings.c:191  debug_display_settings           [   0.13182] color: 32 (rgba 8880), depth: 24, stencil: 0, acc: 0000, samples: 0/0
display  D   display_settings.c:377  _al_score_display_settings       [   0.13187] Single Buffer requirement not met.
display  D   display_settings.c:191  debug_display_settings           [   0.13190] color: 32 (rgba 8880), depth: 24, stencil: 0, acc: 0000, samples: 0/0
display  D   display_settings.c:377  _al_score_display_settings       [   0.13192] Single Buffer requirement not met.
display  D   display_settings.c:191  debug_display_settings           [   0.13193] color: 32 (rgba 8880), depth: 16, stencil: 0, acc: 0000, samples: 0/0
display  D   display_settings.c:377  _al_score_display_settings       [   0.13195] Single Buffer requirement not met.
display  D   display_settings.c:191  debug_display_settings           [   0.13197] color: 32 (rgba 8880), depth: 16, stencil: 0, acc: 0000, samples: 0/0
display  D   display_settings.c:377  _al_score_display_settings       [   0.13199] Single Buffer requirement not met.
display  D   display_settings.c:191  debug_display_settings           [   0.13200] color: 16 (rgba 5650), depth: 0, stencil: 0, acc: 0000, samples: 0/0
display  D   display_settings.c:377  _al_score_display_settings       [   0.13202] Single Buffer requirement not met.
display  D   display_settings.c:191  debug_display_settings           [   0.13204] color: 16 (rgba 5650), depth: 0, stencil: 0, acc: 0000, samples: 0/0
display  D   display_settings.c:377  _al_score_display_settings       [   0.13206] Single Buffer requirement not met.
display  D   display_settings.c:191  debug_display_settings           [   0.13215] color: 16 (rgba 5650), depth: 24, stencil: 8, acc: 0000, samples: 0/0
display  D   display_settings.c:377  _al_score_display_settings       [   0.13218] Single Buffer requirement not met.
display  D   display_settings.c:191  debug_display_settings           [   0.13219] color: 16 (rgba 5650), depth: 24, stencil: 8, acc: 0000, samples: 0/0
display  D   display_settings.c:377  _al_score_display_settings       [   0.13221] Single Buffer requirement not met.
display  D   display_settings.c:191  debug_display_settings           [   0.13223] color: 16 (rgba 5650), depth: 24, stencil: 0, acc: 0000, samples: 0/0
display  D   display_settings.c:377  _al_score_display_settings       [   0.13225] Single Buffer requirement not met.
display  D   display_settings.c:191  debug_display_settings           [   0.13227] color: 16 (rgba 5650), depth: 24, stencil: 0, acc: 0000, samples: 0/0
display  D   display_settings.c:377  _al_score_display_settings       [   0.13229] Single Buffer requirement not met.
display  D   display_settings.c:191  debug_display_settings           [   0.13230] color: 16 (rgba 5650), depth: 16, stencil: 0, acc: 0000, samples: 0/0
display  D   display_settings.c:377  _al_score_display_settings       [   0.13232] Single Buffer requirement not met.
display  D   display_settings.c:191  debug_display_settings           [   0.13234] color: 16 (rgba 5650), depth: 16, stencil: 0, acc: 0000, samples: 0/0
display  D   display_settings.c:377  _al_score_display_settings       [   0.13236] Single Buffer requirement not met.
d3d      D         d3d_disp.cpp:1645 d3d_create_display_internals     [   0.13240] Trying format 0.
d3d      I         d3d_disp.cpp:1326 d3d_display_thread_proc          [   0.13361] Chose a display format: 23
d3d      I         d3d_disp.cpp:1395 d3d_display_thread_proc          [   0.13367] Normal window.
d3d      I         d3d_disp.cpp:801  d3d_create_device                [   0.17520] Using no depth stencil buffer
d3d      D         d3d_disp.cpp:866  d3d_create_device                [   0.20006] BeginScene succeeded in create_device
d3d      D         d3d_disp.cpp:874  d3d_create_device                [   0.20011] Success
d3d      D         d3d_disp.cpp:1668 d3d_create_display_internals     [   0.20015] Resumed after wait.
d3d      I         d3d_disp.cpp:1701 d3d_create_display_internals     [   0.20021] Format 0 succeeded.
d3d      D         d3d_disp.cpp:1724 d3d_create_display_internals     [   0.20024] Returning d3d_display: 01244BB0
d3d      D         d3d_disp.cpp:1749 d3d_create_display_locked        [   0.20027] al_display=01244BB0
d3d      D         d3d_disp.cpp:1750 d3d_create_display_locked        [   0.20028] al_display->vt=01227220
audio-dsound D           dsound.cpp:244  _dsound_open                     [   0.20373] Loading DirectSound module
system   D            wsystem.c:583  maybe_parent_dir                 [   0.20421] Also searching C:\Users\Brian\Documents\_Champlain\_Montreal2016\GitRepos\EGP-410\GameAI\pathfinding\Pathfinding\
system   D            wsystem.c:633  _al_win_safe_load_library        [   0.20442] PathFindOnPath found: C:\WINDOWS\system32\dsound.dll
system   D            wsystem.c:544  load_library_at_path             [   0.20444] Calling LoadLibrary C:\WINDOWS\system32\dsound.dll
system   I            wsystem.c:547  load_library_at_path             [   0.21900] Loaded C:\WINDOWS\system32\dsound.dll
audio-dsound I           dsound.cpp:261  _dsound_open                     [   0.21908] Starting DirectSound...
audio-dsound D           dsound.cpp:271  _dsound_open                     [   0.29853] DirectSoundCreate8 succeeded
audio    I              audio.c:288  do_install_audio                 [   0.30297] Using DirectSound driver
audio-dsound D           dsound.cpp:306  _dsound_allocate_voice           [   0.30315] Allocating voice
audio-dsound D           dsound.cpp:365  _dsound_allocate_voice           [   0.30319] Allocated voice
dtor     D               dtor.c:184  _al_register_destructor          [   0.30321] added dtor for object 012574A8, func 0FF1250E
dtor     D               dtor.c:184  _al_register_destructor          [   0.30336] added dtor for object 075DC4F8, func 0FF12919
audio-dsound D           dsound.cpp:462  _dsound_start_voice              [   0.30341] Starting voice
audio-dsound D           dsound.cpp:491  _dsound_start_voice              [   0.30342] CreateSoundBuffer
audio-dsound D           dsound.cpp:500  _dsound_start_voice              [   0.30929] CreateSoundBuffer succeeded
audio-dsound D           dsound.cpp:506  _dsound_start_voice              [   0.30936] Starting _dsound_update thread
audio-dsound I           dsound.cpp:516  _dsound_start_voice              [   0.31031] Voice started
dtor     D               dtor.c:184  _al_register_destructor          [   0.31044] added dtor for object 075E4230, func 0FF123EC
audio    D          kcm_mixer.c:121  _al_rechannel_matrix             [   0.31051] sample matrix:
audio    D          kcm_mixer.c:127  _al_rechannel_matrix             [   0.31054] 
audio    D          kcm_mixer.c:127  _al_rechannel_matrix             [   0.31055] 
font     D                ttf.c:792  al_load_ttf_font_stretch_f       [   0.31223] Font cour.ttf loaded with pixel size 0 x 20.
font     D                ttf.c:794  al_load_ttf_font_stretch_f       [   0.31230]     ascent=17.0, descent=-6.0, height=23.0
dtor     D               dtor.c:184  _al_register_destructor          [   0.31235] added dtor for object 075DDBE8, func 0FF11B36
d3d      D         d3d_disp.cpp:1166 real_choose_bitmap_format        [   0.54553] Fake format
d3d      D         d3d_disp.cpp:1166 real_choose_bitmap_format        [   0.54557] Fake format
d3d      D         d3d_disp.cpp:1166 real_choose_bitmap_format        [   0.54559] Fake format
d3d      D         d3d_disp.cpp:1166 real_choose_bitmap_format        [   0.54560] Fake format
d3d      D         d3d_disp.cpp:1166 real_choose_bitmap_format        [   0.54561] Fake format
d3d      D         d3d_disp.cpp:1166 real_choose_bitmap_format        [   0.54562] Fake format
d3d      D         d3d_disp.cpp:1166 real_choose_bitmap_format        [   0.54563] Fake format
d3d      D         d3d_disp.cpp:1166 real_choose_bitmap_format        [   0.54564] Fake format
d3d      D         d3d_disp.cpp:1166 real_choose_bitmap_format        [   0.54565] Fake format
d3d      D         d3d_disp.cpp:1174 real_choose_bitmap_format        [   0.54566] Alpha doesn't match
d3d      D         d3d_disp.cpp:1181 real_choose_bitmap_format        [   0.54567] Adapter format is 23
d3d      D         d3d_disp.cpp:1184 real_choose_bitmap_format        [   0.54568] Found a format
d3d      I         d3d_disp.cpp:2283 _al_d3d_create_bitmap            [   0.54569] Chose bitmap format 9
dtor     D               dtor.c:184  _al_register_destructor          [   0.54738] added dtor for object 07640308, func 0FF12590
d3d      D          d3d_bmp.cpp:467  _al_d3d_sync_bitmap              [   0.55237] _al_d3d_sync_bitmap (system) ref count == 1
d3d      D          d3d_bmp.cpp:473  _al_d3d_sync_bitmap              [   0.55242] _al_d3d_sync_bitmap (video) ref count == 1
font     D                ttf.c:792  al_load_ttf_font_stretch_f       [   0.67411] Font cour.ttf loaded with pixel size 0 x 12.
font     D                ttf.c:794  al_load_ttf_font_stretch_f       [   0.67422]     ascent=10.0, descent=-4.0, height=14.0
dtor     D               dtor.c:184  _al_register_destructor          [   0.67426] added dtor for object 08371680, func 0FF11B36
dtor     D               dtor.c:184  _al_register_destructor          [   0.67445] added dtor for object 075F9DC8, func 0FF127A7
d3d      D         d3d_disp.cpp:1166 real_choose_bitmap_format        [   0.67516] Fake format
d3d      D         d3d_disp.cpp:1166 real_choose_bitmap_format        [   0.67518] Fake format
d3d      D         d3d_disp.cpp:1166 real_choose_bitmap_format        [   0.67520] Fake format
d3d      D         d3d_disp.cpp:1166 real_choose_bitmap_format        [   0.67522] Fake format
d3d      D         d3d_disp.cpp:1166 real_choose_bitmap_format        [   0.67524] Fake format
d3d      D         d3d_disp.cpp:1166 real_choose_bitmap_format        [   0.67525] Fake format
d3d      D         d3d_disp.cpp:1166 real_choose_bitmap_format        [   0.67527] Fake format
d3d      D         d3d_disp.cpp:1166 real_choose_bitmap_format        [   0.67528] Fake format
d3d      D         d3d_disp.cpp:1166 real_choose_bitmap_format        [   0.67530] Fake format
d3d      D         d3d_disp.cpp:1174 real_choose_bitmap_format        [   0.67531] Alpha doesn't match
d3d      D         d3d_disp.cpp:1181 real_choose_bitmap_format        [   0.67533] Adapter format is 23
d3d      D         d3d_disp.cpp:1184 real_choose_bitmap_format        [   0.67535] Found a format
d3d      I         d3d_disp.cpp:2283 _al_d3d_create_bitmap            [   0.67536] Chose bitmap format 9
dtor     D               dtor.c:184  _al_register_destructor          [   0.67699] added dtor for object 08355700, func 0FF12590
d3d      D          d3d_bmp.cpp:467  _al_d3d_sync_bitmap              [   0.68207] _al_d3d_sync_bitmap (system) ref count == 1
d3d      D          d3d_bmp.cpp:473  _al_d3d_sync_bitmap              [   0.68212] _al_d3d_sync_bitmap (video) ref count == 1
d3d      D         d3d_disp.cpp:1166 real_choose_bitmap_format        [   0.82575] Fake format
d3d      D         d3d_disp.cpp:1166 real_choose_bitmap_format        [   0.82578] Fake format
d3d      D         d3d_disp.cpp:1166 real_choose_bitmap_format        [   0.82579] Fake format
d3d      D         d3d_disp.cpp:1166 real_choose_bitmap_format        [   0.82580] Fake format
d3d      D         d3d_disp.cpp:1166 real_choose_bitmap_format        [   0.82581] Fake format
d3d      D         d3d_disp.cpp:1166 real_choose_bitmap_format        [   0.82582] Fake format
d3d      D         d3d_disp.cpp:1166 real_choose_bitmap_format        [   0.82583] Fake format
d3d      D         d3d_disp.cpp:1166 real_choose_bitmap_format        [   0.82584] Fake format
d3d      D         d3d_disp.cpp:1166 real_choose_bitmap_format        [   0.82585] Fake format
d3d      D         d3d_disp.cpp:1174 real_choose_bitmap_format        [   0.82586] Alpha doesn't match
d3d      D         d3d_disp.cpp:1181 real_choose_bitmap_format        [   0.82587] Adapter format is 23
d3d      D         d3d_disp.cpp:1184 real_choose_bitmap_format        [   0.82588] Found a format
d3d      I         d3d_disp.cpp:2283 _al_d3d_create_bitmap            [   0.82589] Chose bitmap format 9
font     D                ttf.c:217  alloc_glyph_region               [   0.82622] Glyph 51: 7x10 (8x12)
d3d      D          d3d_bmp.cpp:467  _al_d3d_sync_bitmap              [   0.82753] _al_d3d_sync_bitmap (system) ref count == 1
d3d      D          d3d_bmp.cpp:473  _al_d3d_sync_bitmap              [   0.82758] _al_d3d_sync_bitmap (video) ref count == 2
font     D                ttf.c:217  alloc_glyph_region               [   0.82987] Glyph 68: 8x8 (8x8)
d3d      D          d3d_bmp.cpp:467  _al_d3d_sync_bitmap              [   0.83015] _al_d3d_sync_bitmap (system) ref count == 1
d3d      D          d3d_bmp.cpp:473  _al_d3d_sync_bitmap              [   0.83017] _al_d3d_sync_bitmap (video) ref count == 2
font     D                ttf.c:217  alloc_glyph_region               [   0.83072] Glyph 87: 8x9 (8x12)
d3d      D          d3d_bmp.cpp:467  _al_d3d_sync_bitmap              [   0.83086] _al_d3d_sync_bitmap (system) ref count == 1
d3d      D          d3d_bmp.cpp:473  _al_d3d_sync_bitmap              [   0.83089] _al_d3d_sync_bitmap (video) ref count == 2
font     D                ttf.c:217  alloc_glyph_region               [   0.83131] Glyph 75: 9x10 (12x12)
d3d      D          d3d_bmp.cpp:467  _al_d3d_sync_bitmap              [   0.83142] _al_d3d_sync_bitmap (system) ref count == 1
d3d      D          d3d_bmp.cpp:473  _al_d3d_sync_bitmap              [   0.83145] _al_d3d_sync_bitmap (video) ref count == 2
font     D                ttf.c:217  alloc_glyph_region               [   0.83187] Glyph 79: 7x10 (8x12)
d3d      D          d3d_bmp.cpp:467  _al_d3d_sync_bitmap              [   0.83201] _al_d3d_sync_bitmap (system) ref count == 1
d3d      D          d3d_bmp.cpp:473  _al_d3d_sync_bitmap              [   0.83203] _al_d3d_sync_bitmap (video) ref count == 2
font     D                ttf.c:217  alloc_glyph_region               [   0.83254] Glyph 72: 8x9 (8x12)
d3d      D          d3d_bmp.cpp:467  _al_d3d_sync_bitmap              [   0.83274] _al_d3d_sync_bitmap (system) ref count == 1
d3d      D          d3d_bmp.cpp:473  _al_d3d_sync_bitmap              [   0.83277] _al_d3d_sync_bitmap (video) ref count == 2
font     D                ttf.c:217  alloc_glyph_region               [   0.83340] Glyph 81: 9x8 (12x8)
d3d      D          d3d_bmp.cpp:467  _al_d3d_sync_bitmap              [   0.83353] _al_d3d_sync_bitmap (system) ref count == 1
d3d      D          d3d_bmp.cpp:473  _al_d3d_sync_bitmap              [   0.83355] _al_d3d_sync_bitmap (video) ref count == 2
font     D                ttf.c:217  alloc_glyph_region               [   0.83397] Glyph 74: 8x10 (8x12)
d3d      D          d3d_bmp.cpp:467  _al_d3d_sync_bitmap              [   0.83409] _al_d3d_sync_bitmap (system) ref count == 1
d3d      D          d3d_bmp.cpp:473  _al_d3d_sync_bitmap              [   0.83411] _al_d3d_sync_bitmap (video) ref count == 2
font     D                ttf.c:217  alloc_glyph_region               [   0.83519] Glyph 29: 4x8 (4x8)
d3d      D          d3d_bmp.cpp:467  _al_d3d_sync_bitmap              [   0.83546] _al_d3d_sync_bitmap (system) ref count == 1
d3d      D          d3d_bmp.cpp:473  _al_d3d_sync_bitmap              [   0.83551] _al_d3d_sync_bitmap (video) ref count == 2
font     D                ttf.c:217  alloc_glyph_region               [   0.83633] Glyph 19: 8x10 (8x12)
d3d      D          d3d_bmp.cpp:467  _al_d3d_sync_bitmap              [   0.83659] _al_d3d_sync_bitmap (system) ref count == 1
d3d      D          d3d_bmp.cpp:473  _al_d3d_sync_bitmap              [   0.83663] _al_d3d_sync_bitmap (video) ref count == 2
font     D                ttf.c:406  cache_glyph                      [   0.83724] Glyph 3 has zero size.
font     D                ttf.c:217  alloc_glyph_region               [   0.83740] Glyph 49: 9x10 (12x12)
d3d      D          d3d_bmp.cpp:467  _al_d3d_sync_bitmap              [   0.83760] _al_d3d_sync_bitmap (system) ref count == 1
d3d      D          d3d_bmp.cpp:473  _al_d3d_sync_bitmap              [   0.83763] _al_d3d_sync_bitmap (video) ref count == 2
font     D                ttf.c:217  alloc_glyph_region               [   0.83838] Glyph 88: 9x8 (12x8)
d3d      D          d3d_bmp.cpp:467  _al_d3d_sync_bitmap              [   0.83862] _al_d3d_sync_bitmap (system) ref count == 1
d3d      D          d3d_bmp.cpp:473  _al_d3d_sync_bitmap              [   0.83865] _al_d3d_sync_bitmap (video) ref count == 2
font     D                ttf.c:217  alloc_glyph_region               [   0.83933] Glyph 80: 9x8 (12x8)
d3d      D          d3d_bmp.cpp:467  _al_d3d_sync_bitmap              [   0.83982] _al_d3d_sync_bitmap (system) ref count == 1
d3d      D          d3d_bmp.cpp:473  _al_d3d_sync_bitmap              [   0.83991] _al_d3d_sync_bitmap (video) ref count == 2
font     D                ttf.c:217  alloc_glyph_region               [   0.84285] Glyph 82: 7x8 (8x8)
d3d      D          d3d_bmp.cpp:467  _al_d3d_sync_bitmap              [   0.84307] _al_d3d_sync_bitmap (system) ref count == 1
d3d      D          d3d_bmp.cpp:473  _al_d3d_sync_bitmap              [   0.84310] _al_d3d_sync_bitmap (video) ref count == 2
font     D                ttf.c:217  alloc_glyph_region               [   0.84449] Glyph 71: 8x10 (8x12)
d3d      D          d3d_bmp.cpp:467  _al_d3d_sync_bitmap              [   0.84460] _al_d3d_sync_bitmap (system) ref count == 1
d3d      D          d3d_bmp.cpp:473  _al_d3d_sync_bitmap              [   0.84462] _al_d3d_sync_bitmap (video) ref count == 2
font     D                ttf.c:217  alloc_glyph_region               [   0.84517] Glyph 86: 7x8 (8x8)
d3d      D          d3d_bmp.cpp:467  _al_d3d_sync_bitmap              [   0.84529] _al_d3d_sync_bitmap (system) ref count == 1
d3d      D          d3d_bmp.cpp:473  _al_d3d_sync_bitmap              [   0.84532] _al_d3d_sync_bitmap (video) ref count == 2
font     D                ttf.c:217  alloc_glyph_region               [   0.84571] Glyph 85: 7x8 (8x8)
d3d      D          d3d_bmp.cpp:467  _al_d3d_sync_bitmap              [   0.84581] _al_d3d_sync_bitmap (system) ref count == 1
d3d      D          d3d_bmp.cpp:473  _al_d3d_sync_bitmap              [   0.84583] _al_d3d_sync_bitmap (video) ref count == 2
font     D                ttf.c:217  alloc_glyph_region               [   0.84620] Glyph 70: 7x8 (8x8)
d3d      D          d3d_bmp.cpp:467  _al_d3d_sync_bitmap              [   0.84631] _al_d3d_sync_bitmap (system) ref count == 1
d3d      D          d3d_bmp.cpp:473  _al_d3d_sync_bitmap              [   0.84632] _al_d3d_sync_bitmap (video) ref count == 2
font     D                ttf.c:217  alloc_glyph_region               [   0.84667] Glyph 40: 8x10 (8x12)
d3d      D          d3d_bmp.cpp:467  _al_d3d_sync_bitmap              [   0.84676] _al_d3d_sync_bitmap (system) ref count == 1
d3d      D          d3d_bmp.cpp:473  _al_d3d_sync_bitmap              [   0.84678] _al_d3d_sync_bitmap (video) ref count == 2
font     D                ttf.c:217  alloc_glyph_region               [   0.84712] Glyph 83: 8x10 (8x12)
d3d      D          d3d_bmp.cpp:467  _al_d3d_sync_bitmap              [   0.84721] _al_d3d_sync_bitmap (system) ref count == 1
d3d      D          d3d_bmp.cpp:473  _al_d3d_sync_bitmap              [   0.84723] _al_d3d_sync_bitmap (video) ref count == 2
font     D                ttf.c:217  alloc_glyph_region               [   0.84755] Glyph 55: 9x10 (12x12)
d3d      D          d3d_bmp.cpp:467  _al_d3d_sync_bitmap              [   0.84763] _al_d3d_sync_bitmap (system) ref count == 1
d3d      D          d3d_bmp.cpp:473  _al_d3d_sync_bitmap              [   0.84765] _al_d3d_sync_bitmap (video) ref count == 2
font     D                ttf.c:217  alloc_glyph_region               [   0.84796] Glyph 76: 7x10 (8x12)
d3d      D          d3d_bmp.cpp:467  _al_d3d_sync_bitmap              [   0.84804] _al_d3d_sync_bitmap (system) ref count == 1
d3d      D          d3d_bmp.cpp:473  _al_d3d_sync_bitmap              [   0.84806] _al_d3d_sync_bitmap (video) ref count == 2
d3d      D          d3d_bmp.cpp:467  _al_d3d_sync_bitmap              [   0.84944] _al_d3d_sync_bitmap (system) ref count == 1
d3d      D          d3d_bmp.cpp:473  _al_d3d_sync_bitmap              [   0.84947] _al_d3d_sync_bitmap (video) ref count == 1
d3d      D          d3d_bmp.cpp:467  _al_d3d_sync_bitmap              [   0.85188] _al_d3d_sync_bitmap (system) ref count == 1
d3d      D          d3d_bmp.cpp:473  _al_d3d_sync_bitmap              [   0.85193] _al_d3d_sync_bitmap (video) ref count == 1
d3d      D          d3d_bmp.cpp:467  _al_d3d_sync_bitmap              [   0.85426] _al_d3d_sync_bitmap (system) ref count == 1
d3d      D          d3d_bmp.cpp:473  _al_d3d_sync_bitmap              [   0.85431] _al_d3d_sync_bitmap (video) ref count == 2
d3d      D         d3d_disp.cpp:1166 real_choose_bitmap_format        [   8.15194] Fake format
d3d      D         d3d_disp.cpp:1166 real_choose_bitmap_format        [   8.15200] Fake format
d3d      D         d3d_disp.cpp:1166 real_choose_bitmap_format        [   8.15202] Fake format
d3d      D         d3d_disp.cpp:1166 real_choose_bitmap_format        [   8.15203] Fake format
d3d      D         d3d_disp.cpp:1166 real_choose_bitmap_format        [   8.15204] Fake format
d3d      D         d3d_disp.cpp:1166 real_choose_bitmap_format        [   8.15206] Fake format
d3d      D         d3d_disp.cpp:1166 real_choose_bitmap_format        [   8.15207] Fake format
d3d      D         d3d_disp.cpp:1166 real_choose_bitmap_format        [   8.15209] Fake format
d3d      D         d3d_disp.cpp:1166 real_choose_bitmap_format        [   8.15210] Fake format
d3d      D         d3d_disp.cpp:1174 real_choose_bitmap_format        [   8.15212] Alpha doesn't match
d3d      D         d3d_disp.cpp:1181 real_choose_bitmap_format        [   8.15214] Adapter format is 23
d3d      D         d3d_disp.cpp:1184 real_choose_bitmap_format        [   8.15216] Found a format
d3d      I         d3d_disp.cpp:2283 _al_d3d_create_bitmap            [   8.15217] Chose bitmap format 9
font     D                ttf.c:217  alloc_glyph_region               [   8.15265] Glyph 54: 10x14 (12x16)
d3d      D          d3d_bmp.cpp:467  _al_d3d_sync_bitmap              [   8.15282] _al_d3d_sync_bitmap (system) ref count == 1
d3d      D          d3d_bmp.cpp:473  _al_d3d_sync_bitmap              [   8.15285] _al_d3d_sync_bitmap (video) ref count == 2
d3d      D          d3d_bmp.cpp:467  _al_d3d_sync_bitmap              [   8.16479] _al_d3d_sync_bitmap (system) ref count == 1
d3d      D          d3d_bmp.cpp:473  _al_d3d_sync_bitmap              [   8.16483] _al_d3d_sync_bitmap (video) ref count == 2
font     D                ttf.c:217  alloc_glyph_region               [  12.74583] Glyph 42: 12x15 (12x16)
d3d      D          d3d_bmp.cpp:467  _al_d3d_sync_bitmap              [  12.74588] _al_d3d_sync_bitmap (system) ref count == 1
d3d      D          d3d_bmp.cpp:473  _al_d3d_sync_bitmap              [  12.74590] _al_d3d_sync_bitmap (video) ref count == 2
font     D                ttf.c:217  alloc_glyph_region               [  12.75622] Glyph 23: 8x10 (8x12)
d3d      D          d3d_bmp.cpp:467  _al_d3d_sync_bitmap              [  12.75626] _al_d3d_sync_bitmap (system) ref count == 1
d3d      D          d3d_bmp.cpp:473  _al_d3d_sync_bitmap              [  12.75628] _al_d3d_sync_bitmap (video) ref count == 2
font     D                ttf.c:217  alloc_glyph_region               [  12.75822] Glyph 25: 8x10 (8x12)
d3d      D          d3d_bmp.cpp:467  _al_d3d_sync_bitmap              [  12.75843] _al_d3d_sync_bitmap (system) ref count == 1
d3d      D          d3d_bmp.cpp:473  _al_d3d_sync_bitmap              [  12.75846] _al_d3d_sync_bitmap (video) ref count == 2
font     D                ttf.c:217  alloc_glyph_region               [  12.75930] Glyph 24: 7x10 (8x12)
d3d      D          d3d_bmp.cpp:467  _al_d3d_sync_bitmap              [  12.75948] _al_d3d_sync_bitmap (system) ref count == 1
d3d      D          d3d_bmp.cpp:473  _al_d3d_sync_bitmap              [  12.75950] _al_d3d_sync_bitmap (video) ref count == 2
font     D                ttf.c:217  alloc_glyph_region               [  12.76027] Glyph 22: 7x10 (8x12)
d3d      D          d3d_bmp.cpp:467  _al_d3d_sync_bitmap              [  12.76042] _al_d3d_sync_bitmap (system) ref count == 1
d3d      D          d3d_bmp.cpp:473  _al_d3d_sync_bitmap              [  12.76044] _al_d3d_sync_bitmap (video) ref count == 2
font     D                ttf.c:217  alloc_glyph_region               [  12.76149] Glyph 21: 7x10 (8x12)
d3d      D          d3d_bmp.cpp:467  _al_d3d_sync_bitmap              [  12.76172] _al_d3d_sync_bitmap (system) ref count == 1
d3d      D          d3d_bmp.cpp:473  _al_d3d_sync_bitmap              [  12.76175] _al_d3d_sync_bitmap (video) ref count == 2
font     D                ttf.c:217  alloc_glyph_region               [  12.76719] Glyph 26: 7x10 (8x12)
d3d      D          d3d_bmp.cpp:467  _al_d3d_sync_bitmap              [  12.76742] _al_d3d_sync_bitmap (system) ref count == 1
d3d      D          d3d_bmp.cpp:473  _al_d3d_sync_bitmap              [  12.76745] _al_d3d_sync_bitmap (video) ref count == 2
font     D                ttf.c:217  alloc_glyph_region               [  12.76872] Glyph 17: 4x4 (4x4)
d3d      D          d3d_bmp.cpp:467  _al_d3d_sync_bitmap              [  12.76896] _al_d3d_sync_bitmap (system) ref count == 1
d3d      D          d3d_bmp.cpp:473  _al_d3d_sync_bitmap              [  12.76898] _al_d3d_sync_bitmap (video) ref count == 2
font     D                ttf.c:217  alloc_glyph_region               [  12.77278] Glyph 20: 7x11 (8x12)
d3d      D          d3d_bmp.cpp:467  _al_d3d_sync_bitmap              [  12.77287] _al_d3d_sync_bitmap (system) ref count == 1
d3d      D          d3d_bmp.cpp:473  _al_d3d_sync_bitmap              [  12.77290] _al_d3d_sync_bitmap (video) ref count == 2
font     D                ttf.c:217  alloc_glyph_region               [  12.77687] Glyph 28: 8x10 (8x12)
d3d      D          d3d_bmp.cpp:467  _al_d3d_sync_bitmap              [  12.77713] _al_d3d_sync_bitmap (system) ref count == 1
d3d      D          d3d_bmp.cpp:473  _al_d3d_sync_bitmap              [  12.77716] _al_d3d_sync_bitmap (video) ref count == 2
d3d      D          d3d_bmp.cpp:467  _al_d3d_sync_bitmap              [  12.77859] _al_d3d_sync_bitmap (system) ref count == 1
d3d      D          d3d_bmp.cpp:473  _al_d3d_sync_bitmap              [  12.77863] _al_d3d_sync_bitmap (video) ref count == 2
d3d      D          d3d_bmp.cpp:467  _al_d3d_sync_bitmap              [  12.77923] _al_d3d_sync_bitmap (system) ref count == 1
d3d      D          d3d_bmp.cpp:473  _al_d3d_sync_bitmap              [  12.77926] _al_d3d_sync_bitmap (video) ref count == 2
dtor     D               dtor.c:214  _al_unregister_destructor        [  23.72245] removed dtor for object 08371680
d3d      W          d3d_bmp.cpp:743  d3d_destroy_bitmap               [  23.72263] d3d_destroy_bitmap: Release video texture failed.
font     D                ttf.c:792  al_load_ttf_font_stretch_f       [  23.72510] Font cour.ttf loaded with pixel size 0 x 12.
font     D                ttf.c:794  al_load_ttf_font_stretch_f       [  23.72512]     ascent=10.0, descent=-4.0, height=14.0
dtor     D               dtor.c:184  _al_register_destructor          [  23.72514] added dtor for object 0BD974F0, func 0FF11B36
dtor     D               dtor.c:214  _al_unregister_destructor        [  23.72525] removed dtor for object 0BD974F0
font     D                ttf.c:792  al_load_ttf_font_stretch_f       [  23.72590] Font cour.ttf loaded with pixel size 0 x 12.
font     D                ttf.c:794  al_load_ttf_font_stretch_f       [  23.72592]     ascent=10.0, descent=-4.0, height=14.0
dtor     D               dtor.c:184  _al_register_destructor          [  23.72594] added dtor for object 0BD97A30, func 0FF11B36
d3d      D         d3d_disp.cpp:1166 real_choose_bitmap_format        [  23.73161] Fake format
d3d      D         d3d_disp.cpp:1166 real_choose_bitmap_format        [  23.73164] Fake format
d3d      D         d3d_disp.cpp:1166 real_choose_bitmap_format        [  23.73165] Fake format
d3d      D         d3d_disp.cpp:1166 real_choose_bitmap_format        [  23.73166] Fake format
d3d      D         d3d_disp.cpp:1166 real_choose_bitmap_format        [  23.73167] Fake format
d3d      D         d3d_disp.cpp:1166 real_choose_bitmap_format        [  23.73169] Fake format
d3d      D         d3d_disp.cpp:1166 real_choose_bitmap_format        [  23.73170] Fake format
d3d      D         d3d_disp.cpp:1166 real_choose_bitmap_format        [  23.73171] Fake format
d3d      D         d3d_disp.cpp:1166 real_choose_bitmap_format        [  23.73172] Fake format
d3d      D         d3d_disp.cpp:1174 real_choose_bitmap_format        [  23.73174] Alpha doesn't match
d3d      D         d3d_disp.cpp:1181 real_choose_bitmap_format        [  23.73175] Adapter format is 23
d3d      D         d3d_disp.cpp:1184 real_choose_bitmap_format        [  23.73176] Found a format
d3d      I         d3d_disp.cpp:2283 _al_d3d_create_bitmap            [  23.73177] Chose bitmap format 9
font     D                ttf.c:217  alloc_glyph_region               [  23.73232] Glyph 51: 7x10 (8x12)
d3d      D          d3d_bmp.cpp:467  _al_d3d_sync_bitmap              [  23.73259] _al_d3d_sync_bitmap (system) ref count == 1
d3d      D          d3d_bmp.cpp:473  _al_d3d_sync_bitmap              [  23.73262] _al_d3d_sync_bitmap (video) ref count == 2
font     D                ttf.c:217  alloc_glyph_region               [  23.73625] Glyph 68: 8x8 (8x8)
d3d      D          d3d_bmp.cpp:467  _al_d3d_sync_bitmap              [  23.73657] _al_d3d_sync_bitmap (system) ref count == 1
d3d      D          d3d_bmp.cpp:473  _al_d3d_sync_bitmap              [  23.73660] _al_d3d_sync_bitmap (video) ref count == 2
font     D                ttf.c:217  alloc_glyph_region               [  23.73784] Glyph 87: 8x9 (8x12)
d3d      D          d3d_bmp.cpp:467  _al_d3d_sync_bitmap              [  23.73808] _al_d3d_sync_bitmap (system) ref count == 1
d3d      D          d3d_bmp.cpp:473  _al_d3d_sync_bitmap              [  23.73810] _al_d3d_sync_bitmap (video) ref count == 2
font     D                ttf.c:217  alloc_glyph_region               [  23.73918] Glyph 75: 9x10 (12x12)
d3d      D          d3d_bmp.cpp:467  _al_d3d_sync_bitmap              [  23.73932] _al_d3d_sync_bitmap (system) ref count == 1
d3d      D          d3d_bmp.cpp:473  _al_d3d_sync_bitmap              [  23.73933] _al_d3d_sync_bitmap (video) ref count == 2
font     D                ttf.c:217  alloc_glyph_region               [  23.73984] Glyph 79: 7x10 (8x12)
d3d      D          d3d_bmp.cpp:467  _al_d3d_sync_bitmap              [  23.73991] _al_d3d_sync_bitmap (system) ref count == 1
d3d      D          d3d_bmp.cpp:473  _al_d3d_sync_bitmap              [  23.73993] _al_d3d_sync_bitmap (video) ref count == 2
font     D                ttf.c:217  alloc_glyph_region               [  23.74085] Glyph 72: 8x9 (8x12)
d3d      D          d3d_bmp.cpp:467  _al_d3d_sync_bitmap              [  23.74093] _al_d3d_sync_bitmap (system) ref count == 1
d3d      D          d3d_bmp.cpp:473  _al_d3d_sync_bitmap              [  23.74095] _al_d3d_sync_bitmap (video) ref count == 2
font     D                ttf.c:217  alloc_glyph_region               [  23.74131] Glyph 81: 9x8 (12x8)
d3d      D          d3d_bmp.cpp:467  _al_d3d_sync_bitmap              [  23.74138] _al_d3d_sync_bitmap (system) ref count == 1
d3d      D          d3d_bmp.cpp:473  _al_d3d_sync_bitmap              [  23.74140] _al_d3d_sync_bitmap (video) ref count == 2
font     D                ttf.c:217  alloc_glyph_region               [  23.74180] Glyph 74: 8x10 (8x12)
d3d      D          d3d_bmp.cpp:467  _al_d3d_sync_bitmap              [  23.74189] _al_d3d_sync_bitmap (system) ref count == 1
d3d      D          d3d_bmp.cpp:473  _al_d3d_sync_bitmap              [  23.74191] _al_d3d_sync_bitmap (video) ref count == 2
font     D                ttf.c:217  alloc_glyph_region               [  23.74225] Glyph 29: 4x8 (4x8)
d3d      D          d3d_bmp.cpp:467  _al_d3d_sync_bitmap              [  23.74232] _al_d3d_sync_bitmap (system) ref count == 1
d3d      D          d3d_bmp.cpp:473  _al_d3d_sync_bitmap              [  23.74234] _al_d3d_sync_bitmap (video) ref count == 2
font     D                ttf.c:217  alloc_glyph_region               [  23.74269] Glyph 19: 8x10 (8x12)
d3d      D          d3d_bmp.cpp:467  _al_d3d_sync_bitmap              [  23.74277] _al_d3d_sync_bitmap (system) ref count == 1
d3d      D          d3d_bmp.cpp:473  _al_d3d_sync_bitmap              [  23.74278] _al_d3d_sync_bitmap (video) ref count == 2
font     D                ttf.c:406  cache_glyph                      [  23.74305] Glyph 3 has zero size.
font     D                ttf.c:217  alloc_glyph_region               [  23.74313] Glyph 49: 9x10 (12x12)
d3d      D          d3d_bmp.cpp:467  _al_d3d_sync_bitmap              [  23.74324] _al_d3d_sync_bitmap (system) ref count == 1
d3d      D          d3d_bmp.cpp:473  _al_d3d_sync_bitmap              [  23.74325] _al_d3d_sync_bitmap (video) ref count == 2
font     D                ttf.c:217  alloc_glyph_region               [  23.74469] Glyph 88: 9x8 (12x8)
d3d      D          d3d_bmp.cpp:467  _al_d3d_sync_bitmap              [  23.74476] _al_d3d_sync_bitmap (system) ref count == 1
d3d      D          d3d_bmp.cpp:473  _al_d3d_sync_bitmap              [  23.74478] _al_d3d_sync_bitmap (video) ref count == 2
font     D                ttf.c:217  alloc_glyph_region               [  23.74513] Glyph 80: 9x8 (12x8)
d3d      D          d3d_bmp.cpp:467  _al_d3d_sync_bitmap              [  23.74521] _al_d3d_sync_bitmap (system) ref count == 1
d3d      D          d3d_bmp.cpp:473  _al_d3d_sync_bitmap              [  23.74523] _al_d3d_sync_bitmap (video) ref count == 2
font     D                ttf.c:217  alloc_glyph_region               [  23.74555] Glyph 82: 7x8 (8x8)
d3d      D          d3d_bmp.cpp:467  _al_d3d_sync_bitmap              [  23.74563] _al_d3d_sync_bitmap (system) ref count == 1
d3d      D          d3d_bmp.cpp:473  _al_d3d_sync_bitmap              [  23.74564] _al_d3d_sync_bitmap (video) ref count == 2
font     D                ttf.c:217  alloc_glyph_region               [  23.74596] Glyph 71: 8x10 (8x12)
d3d      D          d3d_bmp.cpp:467  _al_d3d_sync_bitmap              [  23.74603] _al_d3d_sync_bitmap (system) ref count == 1
d3d      D          d3d_bmp.cpp:473  _al_d3d_sync_bitmap              [  23.74605] _al_d3d_sync_bitmap (video) ref count == 2
font     D                ttf.c:217  alloc_glyph_region               [  23.74639] Glyph 86: 7x8 (8x8)
d3d      D          d3d_bmp.cpp:467  _al_d3d_sync_bitmap              [  23.74647] _al_d3d_sync_bitmap (system) ref count == 1
d3d      D          d3d_bmp.cpp:473  _al_d3d_sync_bitmap              [  23.74648] _al_d3d_sync_bitmap (video) ref count == 2
font     D                ttf.c:217  alloc_glyph_region               [  23.74680] Glyph 85: 7x8 (8x8)
d3d      D          d3d_bmp.cpp:467  _al_d3d_sync_bitmap              [  23.74687] _al_d3d_sync_bitmap (system) ref count == 1
d3d      D          d3d_bmp.cpp:473  _al_d3d_sync_bitmap              [  23.74689] _al_d3d_sync_bitmap (video) ref count == 2
font     D                ttf.c:217  alloc_glyph_region               [  23.74720] Glyph 70: 7x8 (8x8)
d3d      D          d3d_bmp.cpp:467  _al_d3d_sync_bitmap              [  23.74728] _al_d3d_sync_bitmap (system) ref count == 1
d3d      D          d3d_bmp.cpp:473  _al_d3d_sync_bitmap              [  23.74729] _al_d3d_sync_bitmap (video) ref count == 2
font     D                ttf.c:217  alloc_glyph_region               [  23.74763] Glyph 40: 8x10 (8x12)
d3d      D          d3d_bmp.cpp:467  _al_d3d_sync_bitmap              [  23.74771] _al_d3d_sync_bitmap (system) ref count == 1
d3d      D          d3d_bmp.cpp:473  _al_d3d_sync_bitmap              [  23.74773] _al_d3d_sync_bitmap (video) ref count == 2
font     D                ttf.c:217  alloc_glyph_region               [  23.74807] Glyph 83: 8x10 (8x12)
d3d      D          d3d_bmp.cpp:467  _al_d3d_sync_bitmap              [  23.74815] _al_d3d_sync_bitmap (system) ref count == 1
d3d      D          d3d_bmp.cpp:473  _al_d3d_sync_bitmap              [  23.74817] _al_d3d_sync_bitmap (video) ref count == 2
font     D                ttf.c:217  alloc_glyph_region               [  23.74853] Glyph 55: 9x10 (12x12)
d3d      D          d3d_bmp.cpp:467  _al_d3d_sync_bitmap              [  23.74861] _al_d3d_sync_bitmap (system) ref count == 1
d3d      D          d3d_bmp.cpp:473  _al_d3d_sync_bitmap              [  23.74863] _al_d3d_sync_bitmap (video) ref count == 2
font     D                ttf.c:217  alloc_glyph_region               [  23.74896] Glyph 76: 7x10 (8x12)
d3d      D          d3d_bmp.cpp:467  _al_d3d_sync_bitmap              [  23.74904] _al_d3d_sync_bitmap (system) ref count == 1
d3d      D          d3d_bmp.cpp:473  _al_d3d_sync_bitmap              [  23.74906] _al_d3d_sync_bitmap (video) ref count == 2
d3d      D          d3d_bmp.cpp:467  _al_d3d_sync_bitmap              [  23.75657] _al_d3d_sync_bitmap (system) ref count == 1
d3d      D          d3d_bmp.cpp:473  _al_d3d_sync_bitmap              [  23.75662] _al_d3d_sync_bitmap (video) ref count == 2
dtor     D               dtor.c:214  _al_unregister_destructor        [  23.81645] removed dtor for object 0BD97A30
d3d      W          d3d_bmp.cpp:743  d3d_destroy_bitmap               [  23.81694] d3d_destroy_bitmap: Release video texture failed.
font     D                ttf.c:792  al_load_ttf_font_stretch_f       [  23.82308] Font cour.ttf loaded with pixel size 0 x 12.
font     D                ttf.c:794  al_load_ttf_font_stretch_f       [  23.82311]     ascent=10.0, descent=-4.0, height=14.0
dtor     D               dtor.c:184  _al_register_destructor          [  23.82313] added dtor for object 0BD97598, func 0FF11B36
d3d      D         d3d_disp.cpp:1166 real_choose_bitmap_format        [  23.82834] Fake format
d3d      D         d3d_disp.cpp:1166 real_choose_bitmap_format        [  23.82838] Fake format
d3d      D         d3d_disp.cpp:1166 real_choose_bitmap_format        [  23.82839] Fake format
d3d      D         d3d_disp.cpp:1166 real_choose_bitmap_format        [  23.82840] Fake format
d3d      D         d3d_disp.cpp:1166 real_choose_bitmap_format        [  23.82841] Fake format
d3d      D         d3d_disp.cpp:1166 real_choose_bitmap_format        [  23.82842] Fake format
d3d      D         d3d_disp.cpp:1166 real_choose_bitmap_format        [  23.82843] Fake format
d3d      D         d3d_disp.cpp:1166 real_choose_bitmap_format        [  23.82844] Fake format
d3d      D         d3d_disp.cpp:1166 real_choose_bitmap_format        [  23.82845] Fake format
d3d      D         d3d_disp.cpp:1174 real_choose_bitmap_format        [  23.82846] Alpha doesn't match
d3d      D         d3d_disp.cpp:1181 real_choose_bitmap_format        [  23.82847] Adapter format is 23
d3d      D         d3d_disp.cpp:1184 real_choose_bitmap_format        [  23.82849] Found a format
d3d      I         d3d_disp.cpp:2283 _al_d3d_create_bitmap            [  23.82850] Chose bitmap format 9
font     D                ttf.c:217  alloc_glyph_region               [  23.82914] Glyph 51: 7x10 (8x12)
d3d      D          d3d_bmp.cpp:467  _al_d3d_sync_bitmap              [  23.82944] _al_d3d_sync_bitmap (system) ref count == 1
d3d      D          d3d_bmp.cpp:473  _al_d3d_sync_bitmap              [  23.82947] _al_d3d_sync_bitmap (video) ref count == 2
font     D                ttf.c:217  alloc_glyph_region               [  23.83531] Glyph 68: 8x8 (8x8)
d3d      D          d3d_bmp.cpp:467  _al_d3d_sync_bitmap              [  23.83568] _al_d3d_sync_bitmap (system) ref count == 1
d3d      D          d3d_bmp.cpp:473  _al_d3d_sync_bitmap              [  23.83572] _al_d3d_sync_bitmap (video) ref count == 2
font     D                ttf.c:217  alloc_glyph_region               [  23.84433] Glyph 87: 8x9 (8x12)
d3d      D          d3d_bmp.cpp:467  _al_d3d_sync_bitmap              [  23.84461] _al_d3d_sync_bitmap (system) ref count == 1
d3d      D          d3d_bmp.cpp:473  _al_d3d_sync_bitmap              [  23.84465] _al_d3d_sync_bitmap (video) ref count == 2
font     D                ttf.c:217  alloc_glyph_region               [  23.84608] Glyph 75: 9x10 (12x12)
d3d      D          d3d_bmp.cpp:467  _al_d3d_sync_bitmap              [  23.84625] _al_d3d_sync_bitmap (system) ref count == 1
d3d      D          d3d_bmp.cpp:473  _al_d3d_sync_bitmap              [  23.84628] _al_d3d_sync_bitmap (video) ref count == 2
font     D                ttf.c:217  alloc_glyph_region               [  23.84700] Glyph 79: 7x10 (8x12)
d3d      D          d3d_bmp.cpp:467  _al_d3d_sync_bitmap              [  23.84709] _al_d3d_sync_bitmap (system) ref count == 1
d3d      D          d3d_bmp.cpp:473  _al_d3d_sync_bitmap              [  23.84711] _al_d3d_sync_bitmap (video) ref count == 2
font     D                ttf.c:217  alloc_glyph_region               [  23.84976] Glyph 72: 8x9 (8x12)
d3d      D          d3d_bmp.cpp:467  _al_d3d_sync_bitmap              [  23.84987] _al_d3d_sync_bitmap (system) ref count == 1
d3d      D          d3d_bmp.cpp:473  _al_d3d_sync_bitmap              [  23.84989] _al_d3d_sync_bitmap (video) ref count == 2
font     D                ttf.c:217  alloc_glyph_region               [  23.85034] Glyph 81: 9x8 (12x8)
d3d      D          d3d_bmp.cpp:467  _al_d3d_sync_bitmap              [  23.85042] _al_d3d_sync_bitmap (system) ref count == 1
d3d      D          d3d_bmp.cpp:473  _al_d3d_sync_bitmap              [  23.85044] _al_d3d_sync_bitmap (video) ref count == 2
font     D                ttf.c:217  alloc_glyph_region               [  23.85088] Glyph 74: 8x10 (8x12)
d3d      D          d3d_bmp.cpp:467  _al_d3d_sync_bitmap              [  23.85096] _al_d3d_sync_bitmap (system) ref count == 1
d3d      D          d3d_bmp.cpp:473  _al_d3d_sync_bitmap              [  23.85098] _al_d3d_sync_bitmap (video) ref count == 2
font     D                ttf.c:217  alloc_glyph_region               [  23.85139] Glyph 29: 4x8 (4x8)
d3d      D          d3d_bmp.cpp:467  _al_d3d_sync_bitmap              [  23.85147] _al_d3d_sync_bitmap (system) ref count == 1
d3d      D          d3d_bmp.cpp:473  _al_d3d_sync_bitmap              [  23.85149] _al_d3d_sync_bitmap (video) ref count == 2
font     D                ttf.c:217  alloc_glyph_region               [  23.85198] Glyph 19: 8x10 (8x12)
d3d      D          d3d_bmp.cpp:467  _al_d3d_sync_bitmap              [  23.85217] _al_d3d_sync_bitmap (system) ref count == 1
d3d      D          d3d_bmp.cpp:473  _al_d3d_sync_bitmap              [  23.85219] _al_d3d_sync_bitmap (video) ref count == 2
font     D                ttf.c:406  cache_glyph                      [  23.85277] Glyph 3 has zero size.
font     D                ttf.c:217  alloc_glyph_region               [  23.85294] Glyph 49: 9x10 (12x12)
d3d      D          d3d_bmp.cpp:467  _al_d3d_sync_bitmap              [  23.85323] _al_d3d_sync_bitmap (system) ref count == 1
d3d      D          d3d_bmp.cpp:473  _al_d3d_sync_bitmap              [  23.85326] _al_d3d_sync_bitmap (video) ref count == 2
font     D                ttf.c:217  alloc_glyph_region               [  23.85745] Glyph 88: 9x8 (12x8)
d3d      D          d3d_bmp.cpp:467  _al_d3d_sync_bitmap              [  23.85755] _al_d3d_sync_bitmap (system) ref count == 1
d3d      D          d3d_bmp.cpp:473  _al_d3d_sync_bitmap              [  23.85757] _al_d3d_sync_bitmap (video) ref count == 2
font     D                ttf.c:217  alloc_glyph_region               [  23.86237] Glyph 80: 9x8 (12x8)
d3d      D          d3d_bmp.cpp:467  _al_d3d_sync_bitmap              [  23.86261] _al_d3d_sync_bitmap (system) ref count == 1
d3d      D          d3d_bmp.cpp:473  _al_d3d_sync_bitmap              [  23.86264] _al_d3d_sync_bitmap (video) ref count == 2
font     D                ttf.c:217  alloc_glyph_region               [  23.86391] Glyph 82: 7x8 (8x8)
d3d      D          d3d_bmp.cpp:467  _al_d3d_sync_bitmap              [  23.86404] _al_d3d_sync_bitmap (system) ref count == 1
d3d      D          d3d_bmp.cpp:473  _al_d3d_sync_bitmap              [  23.86406] _al_d3d_sync_bitmap (video) ref count == 2
font     D                ttf.c:217  alloc_glyph_region               [  23.86487] Glyph 71: 8x10 (8x12)
d3d      D          d3d_bmp.cpp:467  _al_d3d_sync_bitmap              [  23.86498] _al_d3d_sync_bitmap (system) ref count == 1
d3d      D          d3d_bmp.cpp:473  _al_d3d_sync_bitmap              [  23.86501] _al_d3d_sync_bitmap (video) ref count == 2
font     D                ttf.c:217  alloc_glyph_region               [  23.86551] Glyph 86: 7x8 (8x8)
d3d      D          d3d_bmp.cpp:467  _al_d3d_sync_bitmap              [  23.86560] _al_d3d_sync_bitmap (system) ref count == 1
d3d      D          d3d_bmp.cpp:473  _al_d3d_sync_bitmap              [  23.86562] _al_d3d_sync_bitmap (video) ref count == 2
font     D                ttf.c:217  alloc_glyph_region               [  23.86812] Glyph 85: 7x8 (8x8)
d3d      D          d3d_bmp.cpp:467  _al_d3d_sync_bitmap              [  23.86822] _al_d3d_sync_bitmap (system) ref count == 1
d3d      D          d3d_bmp.cpp:473  _al_d3d_sync_bitmap              [  23.86824] _al_d3d_sync_bitmap (video) ref count == 2
font     D                ttf.c:217  alloc_glyph_region               [  23.87208] Glyph 70: 7x8 (8x8)
d3d      D          d3d_bmp.cpp:467  _al_d3d_sync_bitmap              [  23.87226] _al_d3d_sync_bitmap (system) ref count == 1
d3d      D          d3d_bmp.cpp:473  _al_d3d_sync_bitmap              [  23.87228] _al_d3d_sync_bitmap (video) ref count == 2
font     D                ttf.c:217  alloc_glyph_region               [  23.87298] Glyph 40: 8x10 (8x12)
d3d      D          d3d_bmp.cpp:467  _al_d3d_sync_bitmap              [  23.87313] _al_d3d_sync_bitmap (system) ref count == 1
d3d      D          d3d_bmp.cpp:473  _al_d3d_sync_bitmap              [  23.87315] _al_d3d_sync_bitmap (video) ref count == 2
font     D                ttf.c:217  alloc_glyph_region               [  23.87988] Glyph 83: 8x10 (8x12)
d3d      D          d3d_bmp.cpp:467  _al_d3d_sync_bitmap              [  23.88002] _al_d3d_sync_bitmap (system) ref count == 1
d3d      D          d3d_bmp.cpp:473  _al_d3d_sync_bitmap              [  23.88004] _al_d3d_sync_bitmap (video) ref count == 2
font     D                ttf.c:217  alloc_glyph_region               [  23.88208] Glyph 55: 9x10 (12x12)
d3d      D          d3d_bmp.cpp:467  _al_d3d_sync_bitmap              [  23.88251] _al_d3d_sync_bitmap (system) ref count == 1
d3d      D          d3d_bmp.cpp:473  _al_d3d_sync_bitmap              [  23.88258] _al_d3d_sync_bitmap (video) ref count == 2
font     D                ttf.c:217  alloc_glyph_region               [  23.88406] Glyph 76: 7x10 (8x12)
d3d      D          d3d_bmp.cpp:467  _al_d3d_sync_bitmap              [  23.88427] _al_d3d_sync_bitmap (system) ref count == 1
d3d      D          d3d_bmp.cpp:473  _al_d3d_sync_bitmap              [  23.88429] _al_d3d_sync_bitmap (video) ref count == 2
d3d      D          d3d_bmp.cpp:467  _al_d3d_sync_bitmap              [  23.88556] _al_d3d_sync_bitmap (system) ref count == 1
d3d      D          d3d_bmp.cpp:473  _al_d3d_sync_bitmap              [  23.88563] _al_d3d_sync_bitmap (video) ref count == 2
font     D                ttf.c:217  alloc_glyph_region               [  26.09270] Glyph 22: 7x10 (8x12)
d3d      D          d3d_bmp.cpp:467  _al_d3d_sync_bitmap              [  26.09275] _al_d3d_sync_bitmap (system) ref count == 1
d3d      D          d3d_bmp.cpp:473  _al_d3d_sync_bitmap              [  26.09277] _al_d3d_sync_bitmap (video) ref count == 2
font     D                ttf.c:217  alloc_glyph_region               [  26.09711] Glyph 27: 7x10 (8x12)
d3d      D          d3d_bmp.cpp:467  _al_d3d_sync_bitmap              [  26.09725] _al_d3d_sync_bitmap (system) ref count == 1
d3d      D          d3d_bmp.cpp:473  _al_d3d_sync_bitmap              [  26.09727] _al_d3d_sync_bitmap (video) ref count == 2
font     D                ttf.c:217  alloc_glyph_region               [  26.10076] Glyph 25: 8x10 (8x12)
d3d      D          d3d_bmp.cpp:467  _al_d3d_sync_bitmap              [  26.10105] _al_d3d_sync_bitmap (system) ref count == 1
d3d      D          d3d_bmp.cpp:473  _al_d3d_sync_bitmap              [  26.10109] _al_d3d_sync_bitmap (video) ref count == 2
font     D                ttf.c:217  alloc_glyph_region               [  26.11068] Glyph 17: 4x4 (4x4)
d3d      D          d3d_bmp.cpp:467  _al_d3d_sync_bitmap              [  26.11079] _al_d3d_sync_bitmap (system) ref count == 1
d3d      D          d3d_bmp.cpp:473  _al_d3d_sync_bitmap              [  26.11081] _al_d3d_sync_bitmap (video) ref count == 2
font     D                ttf.c:217  alloc_glyph_region               [  26.11271] Glyph 28: 8x10 (8x12)
d3d      D          d3d_bmp.cpp:467  _al_d3d_sync_bitmap              [  26.11286] _al_d3d_sync_bitmap (system) ref count == 1
d3d      D          d3d_bmp.cpp:473  _al_d3d_sync_bitmap              [  26.11288] _al_d3d_sync_bitmap (video) ref count == 2
font     D                ttf.c:217  alloc_glyph_region               [  26.11388] Glyph 23: 8x10 (8x12)
d3d      D          d3d_bmp.cpp:467  _al_d3d_sync_bitmap              [  26.11419] _al_d3d_sync_bitmap (system) ref count == 1
d3d      D          d3d_bmp.cpp:473  _al_d3d_sync_bitmap              [  26.11423] _al_d3d_sync_bitmap (video) ref count == 2
font     D                ttf.c:217  alloc_glyph_region               [  26.11518] Glyph 24: 7x10 (8x12)
d3d      D          d3d_bmp.cpp:467  _al_d3d_sync_bitmap              [  26.11531] _al_d3d_sync_bitmap (system) ref count == 1
d3d      D          d3d_bmp.cpp:473  _al_d3d_sync_bitmap              [  26.11533] _al_d3d_sync_bitmap (video) ref count == 2
d3d      D          d3d_bmp.cpp:467  _al_d3d_sync_bitmap              [  26.11833] _al_d3d_sync_bitmap (system) ref count == 1
d3d      D          d3d_bmp.cpp:473  _al_d3d_sync_bitmap              [  26.11858] _al_d3d_sync_bitmap (video) ref count == 2
dtor     D               dtor.c:214  _al_unregister_destructor        [  35.31127] removed dtor for object 0BD97598
d3d      W          d3d_bmp.cpp:743  d3d_destroy_bitmap               [  35.31150] d3d_destroy_bitmap: Release video texture failed.
font     D                ttf.c:792  al_load_ttf_font_stretch_f       [  35.31417] Font cour.ttf loaded with pixel size 0 x 12.
font     D                ttf.c:794  al_load_ttf_font_stretch_f       [  35.31421]     ascent=10.0, descent=-4.0, height=14.0
dtor     D               dtor.c:184  _al_register_destructor          [  35.31423] added dtor for object 0BD97790, func 0FF11B36
dtor     D               dtor.c:214  _al_unregister_destructor        [  35.31435] removed dtor for object 0BD97790
font     D                ttf.c:792  al_load_ttf_font_stretch_f       [  35.31503] Font cour.ttf loaded with pixel size 0 x 12.
font     D                ttf.c:794  al_load_ttf_font_stretch_f       [  35.31505]     ascent=10.0, descent=-4.0, height=14.0
dtor     D               dtor.c:184  _al_register_destructor          [  35.31507] added dtor for object 0BD97608, func 0FF11B36
d3d      D         d3d_disp.cpp:1166 real_choose_bitmap_format        [  35.32036] Fake format
d3d      D         d3d_disp.cpp:1166 real_choose_bitmap_format        [  35.32039] Fake format
d3d      D         d3d_disp.cpp:1166 real_choose_bitmap_format        [  35.32040] Fake format
d3d      D         d3d_disp.cpp:1166 real_choose_bitmap_format        [  35.32041] Fake format
d3d      D         d3d_disp.cpp:1166 real_choose_bitmap_format        [  35.32042] Fake format
d3d      D         d3d_disp.cpp:1166 real_choose_bitmap_format        [  35.32043] Fake format
d3d      D         d3d_disp.cpp:1166 real_choose_bitmap_format        [  35.32044] Fake format
d3d      D         d3d_disp.cpp:1166 real_choose_bitmap_format        [  35.32045] Fake format
d3d      D         d3d_disp.cpp:1166 real_choose_bitmap_format        [  35.32046] Fake format
d3d      D         d3d_disp.cpp:1174 real_choose_bitmap_format        [  35.32047] Alpha doesn't match
d3d      D         d3d_disp.cpp:1181 real_choose_bitmap_format        [  35.32048] Adapter format is 23
d3d      D         d3d_disp.cpp:1184 real_choose_bitmap_format        [  35.32050] Found a format
d3d      I         d3d_disp.cpp:2283 _al_d3d_create_bitmap            [  35.32051] Chose bitmap format 9
font     D                ttf.c:217  alloc_glyph_region               [  35.32096] Glyph 51: 7x10 (8x12)
d3d      D          d3d_bmp.cpp:467  _al_d3d_sync_bitmap              [  35.32126] _al_d3d_sync_bitmap (system) ref count == 1
d3d      D          d3d_bmp.cpp:473  _al_d3d_sync_bitmap              [  35.32128] _al_d3d_sync_bitmap (video) ref count == 2
font     D                ttf.c:217  alloc_glyph_region               [  35.32265] Glyph 68: 8x8 (8x8)
d3d      D          d3d_bmp.cpp:467  _al_d3d_sync_bitmap              [  35.32276] _al_d3d_sync_bitmap (system) ref count == 1
d3d      D          d3d_bmp.cpp:473  _al_d3d_sync_bitmap              [  35.32278] _al_d3d_sync_bitmap (video) ref count == 2
font     D                ttf.c:217  alloc_glyph_region               [  35.32393] Glyph 87: 8x9 (8x12)
d3d      D          d3d_bmp.cpp:467  _al_d3d_sync_bitmap              [  35.32402] _al_d3d_sync_bitmap (system) ref count == 1
d3d      D          d3d_bmp.cpp:473  _al_d3d_sync_bitmap              [  35.32404] _al_d3d_sync_bitmap (video) ref count == 2
font     D                ttf.c:217  alloc_glyph_region               [  35.32447] Glyph 75: 9x10 (12x12)
d3d      D          d3d_bmp.cpp:467  _al_d3d_sync_bitmap              [  35.32454] _al_d3d_sync_bitmap (system) ref count == 1
d3d      D          d3d_bmp.cpp:473  _al_d3d_sync_bitmap              [  35.32456] _al_d3d_sync_bitmap (video) ref count == 2
font     D                ttf.c:217  alloc_glyph_region               [  35.32493] Glyph 79: 7x10 (8x12)
d3d      D          d3d_bmp.cpp:467  _al_d3d_sync_bitmap              [  35.32509] _al_d3d_sync_bitmap (system) ref count == 1
d3d      D          d3d_bmp.cpp:473  _al_d3d_sync_bitmap              [  35.32511] _al_d3d_sync_bitmap (video) ref count == 2
font     D                ttf.c:217  alloc_glyph_region               [  35.32547] Glyph 72: 8x9 (8x12)
d3d      D          d3d_bmp.cpp:467  _al_d3d_sync_bitmap              [  35.32554] _al_d3d_sync_bitmap (system) ref count == 1
d3d      D          d3d_bmp.cpp:473  _al_d3d_sync_bitmap              [  35.32556] _al_d3d_sync_bitmap (video) ref count == 2
font     D                ttf.c:217  alloc_glyph_region               [  35.32594] Glyph 81: 9x8 (12x8)
d3d      D          d3d_bmp.cpp:467  _al_d3d_sync_bitmap              [  35.32601] _al_d3d_sync_bitmap (system) ref count == 1
d3d      D          d3d_bmp.cpp:473  _al_d3d_sync_bitmap              [  35.32603] _al_d3d_sync_bitmap (video) ref count == 2
font     D                ttf.c:217  alloc_glyph_region               [  35.32641] Glyph 74: 8x10 (8x12)
d3d      D          d3d_bmp.cpp:467  _al_d3d_sync_bitmap              [  35.32648] _al_d3d_sync_bitmap (system) ref count == 1
d3d      D          d3d_bmp.cpp:473  _al_d3d_sync_bitmap              [  35.32650] _al_d3d_sync_bitmap (video) ref count == 2
font     D                ttf.c:217  alloc_glyph_region               [  35.32684] Glyph 29: 4x8 (4x8)
d3d      D          d3d_bmp.cpp:467  _al_d3d_sync_bitmap              [  35.32691] _al_d3d_sync_bitmap (system) ref count == 1
d3d      D          d3d_bmp.cpp:473  _al_d3d_sync_bitmap              [  35.32693] _al_d3d_sync_bitmap (video) ref count == 2
font     D                ttf.c:217  alloc_glyph_region               [  35.32726] Glyph 19: 8x10 (8x12)
d3d      D          d3d_bmp.cpp:467  _al_d3d_sync_bitmap              [  35.32734] _al_d3d_sync_bitmap (system) ref count == 1
d3d      D          d3d_bmp.cpp:473  _al_d3d_sync_bitmap              [  35.32735] _al_d3d_sync_bitmap (video) ref count == 2
font     D                ttf.c:406  cache_glyph                      [  35.32763] Glyph 3 has zero size.
font     D                ttf.c:217  alloc_glyph_region               [  35.32771] Glyph 49: 9x10 (12x12)
d3d      D          d3d_bmp.cpp:467  _al_d3d_sync_bitmap              [  35.32778] _al_d3d_sync_bitmap (system) ref count == 1
d3d      D          d3d_bmp.cpp:473  _al_d3d_sync_bitmap              [  35.32779] _al_d3d_sync_bitmap (video) ref count == 2
font     D                ttf.c:217  alloc_glyph_region               [  35.32812] Glyph 88: 9x8 (12x8)
d3d      D          d3d_bmp.cpp:467  _al_d3d_sync_bitmap              [  35.32820] _al_d3d_sync_bitmap (system) ref count == 1
d3d      D          d3d_bmp.cpp:473  _al_d3d_sync_bitmap              [  35.32822] _al_d3d_sync_bitmap (video) ref count == 2
font     D                ttf.c:217  alloc_glyph_region               [  35.32856] Glyph 80: 9x8 (12x8)
d3d      D          d3d_bmp.cpp:467  _al_d3d_sync_bitmap              [  35.32864] _al_d3d_sync_bitmap (system) ref count == 1
d3d      D          d3d_bmp.cpp:473  _al_d3d_sync_bitmap              [  35.32865] _al_d3d_sync_bitmap (video) ref count == 2
font     D                ttf.c:217  alloc_glyph_region               [  35.32897] Glyph 82: 7x8 (8x8)
d3d      D          d3d_bmp.cpp:467  _al_d3d_sync_bitmap              [  35.32905] _al_d3d_sync_bitmap (system) ref count == 1
d3d      D          d3d_bmp.cpp:473  _al_d3d_sync_bitmap              [  35.32906] _al_d3d_sync_bitmap (video) ref count == 2
font     D                ttf.c:217  alloc_glyph_region               [  35.32938] Glyph 71: 8x10 (8x12)
d3d      D          d3d_bmp.cpp:467  _al_d3d_sync_bitmap              [  35.32945] _al_d3d_sync_bitmap (system) ref count == 1
d3d      D          d3d_bmp.cpp:473  _al_d3d_sync_bitmap              [  35.32947] _al_d3d_sync_bitmap (video) ref count == 2
font     D                ttf.c:217  alloc_glyph_region               [  35.32982] Glyph 86: 7x8 (8x8)
d3d      D          d3d_bmp.cpp:467  _al_d3d_sync_bitmap              [  35.32990] _al_d3d_sync_bitmap (system) ref count == 1
d3d      D          d3d_bmp.cpp:473  _al_d3d_sync_bitmap              [  35.32992] _al_d3d_sync_bitmap (video) ref count == 2
font     D                ttf.c:217  alloc_glyph_region               [  35.33025] Glyph 85: 7x8 (8x8)
d3d      D          d3d_bmp.cpp:467  _al_d3d_sync_bitmap              [  35.33032] _al_d3d_sync_bitmap (system) ref count == 1
d3d      D          d3d_bmp.cpp:473  _al_d3d_sync_bitmap              [  35.33033] _al_d3d_sync_bitmap (video) ref count == 2
font     D                ttf.c:217  alloc_glyph_region               [  35.33065] Glyph 70: 7x8 (8x8)
d3d      D          d3d_bmp.cpp:467  _al_d3d_sync_bitmap              [  35.33073] _al_d3d_sync_bitmap (system) ref count == 1
d3d      D          d3d_bmp.cpp:473  _al_d3d_sync_bitmap              [  35.33074] _al_d3d_sync_bitmap (video) ref count == 2
font     D                ttf.c:217  alloc_glyph_region               [  35.33108] Glyph 40: 8x10 (8x12)
d3d      D          d3d_bmp.cpp:467  _al_d3d_sync_bitmap              [  35.33116] _al_d3d_sync_bitmap (system) ref count == 1
d3d      D          d3d_bmp.cpp:473  _al_d3d_sync_bitmap              [  35.33118] _al_d3d_sync_bitmap (video) ref count == 2
font     D                ttf.c:217  alloc_glyph_region               [  35.33152] Glyph 83: 8x10 (8x12)
d3d      D          d3d_bmp.cpp:467  _al_d3d_sync_bitmap              [  35.33161] _al_d3d_sync_bitmap (system) ref count == 1
d3d      D          d3d_bmp.cpp:473  _al_d3d_sync_bitmap              [  35.33163] _al_d3d_sync_bitmap (video) ref count == 2
font     D                ttf.c:217  alloc_glyph_region               [  35.33203] Glyph 55: 9x10 (12x12)
d3d      D          d3d_bmp.cpp:467  _al_d3d_sync_bitmap              [  35.33212] _al_d3d_sync_bitmap (system) ref count == 1
d3d      D          d3d_bmp.cpp:473  _al_d3d_sync_bitmap              [  35.33214] _al_d3d_sync_bitmap (video) ref count == 2
font     D                ttf.c:217  alloc_glyph_region               [  35.33249] Glyph 76: 7x10 (8x12)
d3d      D          d3d_bmp.cpp:467  _al_d3d_sync_bitmap              [  35.33259] _al_d3d_sync_bitmap (system) ref count == 1
d3d      D          d3d_bmp.cpp:473  _al_d3d_sync_bitmap              [  35.33261] _al_d3d_sync_bitmap (video) ref count == 2
d3d      D          d3d_bmp.cpp:467  _al_d3d_sync_bitmap              [  35.33320] _al_d3d_sync_bitmap (system) ref count == 1
d3d      D          d3d_bmp.cpp:473  _al_d3d_sync_bitmap              [  35.33322] _al_d3d_sync_bitmap (video) ref count == 2
dtor     D               dtor.c:214  _al_unregister_destructor        [  35.43425] removed dtor for object 0BD97608
d3d      W          d3d_bmp.cpp:743  d3d_destroy_bitmap               [  35.43446] d3d_destroy_bitmap: Release video texture failed.
font     D                ttf.c:792  al_load_ttf_font_stretch_f       [  35.44721] Font cour.ttf loaded with pixel size 0 x 12.
font     D                ttf.c:794  al_load_ttf_font_stretch_f       [  35.44724]     ascent=10.0, descent=-4.0, height=14.0
dtor     D               dtor.c:184  _al_register_destructor          [  35.44726] added dtor for object 0BD976E8, func 0FF11B36
d3d      D         d3d_disp.cpp:1166 real_choose_bitmap_format        [  35.45337] Fake format
d3d      D         d3d_disp.cpp:1166 real_choose_bitmap_format        [  35.45343] Fake format
d3d      D         d3d_disp.cpp:1166 real_choose_bitmap_format        [  35.45346] Fake format
d3d      D         d3d_disp.cpp:1166 real_choose_bitmap_format        [  35.45348] Fake format
d3d      D         d3d_disp.cpp:1166 real_choose_bitmap_format        [  35.45350] Fake format
d3d      D         d3d_disp.cpp:1166 real_choose_bitmap_format        [  35.45352] Fake format
d3d      D         d3d_disp.cpp:1166 real_choose_bitmap_format        [  35.45353] Fake format
d3d      D         d3d_disp.cpp:1166 real_choose_bitmap_format        [  35.45354] Fake format
d3d      D         d3d_disp.cpp:1166 real_choose_bitmap_format        [  35.45356] Fake format
d3d      D         d3d_disp.cpp:1174 real_choose_bitmap_format        [  35.45358] Alpha doesn't match
d3d      D         d3d_disp.cpp:1181 real_choose_bitmap_format        [  35.45360] Adapter format is 23
d3d      D         d3d_disp.cpp:1184 real_choose_bitmap_format        [  35.45361] Found a format
d3d      I         d3d_disp.cpp:2283 _al_d3d_create_bitmap            [  35.45363] Chose bitmap format 9
font     D                ttf.c:217  alloc_glyph_region               [  35.45404] Glyph 51: 7x10 (8x12)
d3d      D          d3d_bmp.cpp:467  _al_d3d_sync_bitmap              [  35.45433] _al_d3d_sync_bitmap (system) ref count == 1
d3d      D          d3d_bmp.cpp:473  _al_d3d_sync_bitmap              [  35.45436] _al_d3d_sync_bitmap (video) ref count == 2
font     D                ttf.c:217  alloc_glyph_region               [  35.45584] Glyph 68: 8x8 (8x8)
d3d      D          d3d_bmp.cpp:467  _al_d3d_sync_bitmap              [  35.45595] _al_d3d_sync_bitmap (system) ref count == 1
d3d      D          d3d_bmp.cpp:473  _al_d3d_sync_bitmap              [  35.45597] _al_d3d_sync_bitmap (video) ref count == 2
font     D                ttf.c:217  alloc_glyph_region               [  35.45856] Glyph 87: 8x9 (8x12)
d3d      D          d3d_bmp.cpp:467  _al_d3d_sync_bitmap              [  35.45864] _al_d3d_sync_bitmap (system) ref count == 1
d3d      D          d3d_bmp.cpp:473  _al_d3d_sync_bitmap              [  35.45866] _al_d3d_sync_bitmap (video) ref count == 2
font     D                ttf.c:217  alloc_glyph_region               [  35.45906] Glyph 75: 9x10 (12x12)
d3d      D          d3d_bmp.cpp:467  _al_d3d_sync_bitmap              [  35.45914] _al_d3d_sync_bitmap (system) ref count == 1
d3d      D          d3d_bmp.cpp:473  _al_d3d_sync_bitmap              [  35.45916] _al_d3d_sync_bitmap (video) ref count == 2
font     D                ttf.c:217  alloc_glyph_region               [  35.45953] Glyph 79: 7x10 (8x12)
d3d      D          d3d_bmp.cpp:467  _al_d3d_sync_bitmap              [  35.45961] _al_d3d_sync_bitmap (system) ref count == 1
d3d      D          d3d_bmp.cpp:473  _al_d3d_sync_bitmap              [  35.45963] _al_d3d_sync_bitmap (video) ref count == 2
font     D                ttf.c:217  alloc_glyph_region               [  35.46001] Glyph 72: 8x9 (8x12)
d3d      D          d3d_bmp.cpp:467  _al_d3d_sync_bitmap              [  35.46009] _al_d3d_sync_bitmap (system) ref count == 1
d3d      D          d3d_bmp.cpp:473  _al_d3d_sync_bitmap              [  35.46011] _al_d3d_sync_bitmap (video) ref count == 2
font     D                ttf.c:217  alloc_glyph_region               [  35.46050] Glyph 81: 9x8 (12x8)
d3d      D          d3d_bmp.cpp:467  _al_d3d_sync_bitmap              [  35.46057] _al_d3d_sync_bitmap (system) ref count == 1
d3d      D          d3d_bmp.cpp:473  _al_d3d_sync_bitmap              [  35.46059] _al_d3d_sync_bitmap (video) ref count == 2
font     D                ttf.c:217  alloc_glyph_region               [  35.46194] Glyph 74: 8x10 (8x12)
d3d      D          d3d_bmp.cpp:467  _al_d3d_sync_bitmap              [  35.46212] _al_d3d_sync_bitmap (system) ref count == 1
d3d      D          d3d_bmp.cpp:473  _al_d3d_sync_bitmap              [  35.46215] _al_d3d_sync_bitmap (video) ref count == 2
font     D                ttf.c:217  alloc_glyph_region               [  35.46966] Glyph 29: 4x8 (4x8)
d3d      D          d3d_bmp.cpp:467  _al_d3d_sync_bitmap              [  35.46977] _al_d3d_sync_bitmap (system) ref count == 1
d3d      D          d3d_bmp.cpp:473  _al_d3d_sync_bitmap              [  35.46979] _al_d3d_sync_bitmap (video) ref count == 2
font     D                ttf.c:217  alloc_glyph_region               [  35.47250] Glyph 19: 8x10 (8x12)
d3d      D          d3d_bmp.cpp:467  _al_d3d_sync_bitmap              [  35.47261] _al_d3d_sync_bitmap (system) ref count == 1
d3d      D          d3d_bmp.cpp:473  _al_d3d_sync_bitmap              [  35.47263] _al_d3d_sync_bitmap (video) ref count == 2
font     D                ttf.c:406  cache_glyph                      [  35.47464] Glyph 3 has zero size.
font     D                ttf.c:217  alloc_glyph_region               [  35.47483] Glyph 49: 9x10 (12x12)
d3d      D          d3d_bmp.cpp:467  _al_d3d_sync_bitmap              [  35.47512] _al_d3d_sync_bitmap (system) ref count == 1
d3d      D          d3d_bmp.cpp:473  _al_d3d_sync_bitmap              [  35.47516] _al_d3d_sync_bitmap (video) ref count == 2
font     D                ttf.c:217  alloc_glyph_region               [  35.47710] Glyph 88: 9x8 (12x8)
d3d      D          d3d_bmp.cpp:467  _al_d3d_sync_bitmap              [  35.47755] _al_d3d_sync_bitmap (system) ref count == 1
d3d      D          d3d_bmp.cpp:473  _al_d3d_sync_bitmap              [  35.47760] _al_d3d_sync_bitmap (video) ref count == 2
font     D                ttf.c:217  alloc_glyph_region               [  35.47878] Glyph 80: 9x8 (12x8)
d3d      D          d3d_bmp.cpp:467  _al_d3d_sync_bitmap              [  35.47899] _al_d3d_sync_bitmap (system) ref count == 1
d3d      D          d3d_bmp.cpp:473  _al_d3d_sync_bitmap              [  35.47902] _al_d3d_sync_bitmap (video) ref count == 2
font     D                ttf.c:217  alloc_glyph_region               [  35.48139] Glyph 82: 7x8 (8x8)
d3d      D          d3d_bmp.cpp:467  _al_d3d_sync_bitmap              [  35.48154] _al_d3d_sync_bitmap (system) ref count == 1
d3d      D          d3d_bmp.cpp:473  _al_d3d_sync_bitmap              [  35.48157] _al_d3d_sync_bitmap (video) ref count == 2
font     D                ttf.c:217  alloc_glyph_region               [  35.48224] Glyph 71: 8x10 (8x12)
d3d      D          d3d_bmp.cpp:467  _al_d3d_sync_bitmap              [  35.48243] _al_d3d_sync_bitmap (system) ref count == 1
d3d      D          d3d_bmp.cpp:473  _al_d3d_sync_bitmap              [  35.48245] _al_d3d_sync_bitmap (video) ref count == 2
font     D                ttf.c:217  alloc_glyph_region               [  35.48331] Glyph 86: 7x8 (8x8)
d3d      D          d3d_bmp.cpp:467  _al_d3d_sync_bitmap              [  35.48343] _al_d3d_sync_bitmap (system) ref count == 1
d3d      D          d3d_bmp.cpp:473  _al_d3d_sync_bitmap              [  35.48345] _al_d3d_sync_bitmap (video) ref count == 2
font     D                ttf.c:217  alloc_glyph_region               [  35.48568] Glyph 85: 7x8 (8x8)
d3d      D          d3d_bmp.cpp:467  _al_d3d_sync_bitmap              [  35.48583] _al_d3d_sync_bitmap (system) ref count == 1
d3d      D          d3d_bmp.cpp:473  _al_d3d_sync_bitmap              [  35.48585] _al_d3d_sync_bitmap (video) ref count == 2
font     D                ttf.c:217  alloc_glyph_region               [  35.48676] Glyph 70: 7x8 (8x8)
d3d      D          d3d_bmp.cpp:467  _al_d3d_sync_bitmap              [  35.48705] _al_d3d_sync_bitmap (system) ref count == 1
d3d      D          d3d_bmp.cpp:473  _al_d3d_sync_bitmap              [  35.48708] _al_d3d_sync_bitmap (video) ref count == 2
font     D                ttf.c:217  alloc_glyph_region               [  35.49422] Glyph 40: 8x10 (8x12)
d3d      D          d3d_bmp.cpp:467  _al_d3d_sync_bitmap              [  35.49455] _al_d3d_sync_bitmap (system) ref count == 1
d3d      D          d3d_bmp.cpp:473  _al_d3d_sync_bitmap              [  35.49458] _al_d3d_sync_bitmap (video) ref count == 2
font     D                ttf.c:217  alloc_glyph_region               [  35.49592] Glyph 83: 8x10 (8x12)
d3d      D          d3d_bmp.cpp:467  _al_d3d_sync_bitmap              [  35.49606] _al_d3d_sync_bitmap (system) ref count == 1
d3d      D          d3d_bmp.cpp:473  _al_d3d_sync_bitmap              [  35.49608] _al_d3d_sync_bitmap (video) ref count == 2
font     D                ttf.c:217  alloc_glyph_region               [  35.49679] Glyph 55: 9x10 (12x12)
d3d      D          d3d_bmp.cpp:467  _al_d3d_sync_bitmap              [  35.49688] _al_d3d_sync_bitmap (system) ref count == 1
d3d      D          d3d_bmp.cpp:473  _al_d3d_sync_bitmap              [  35.49690] _al_d3d_sync_bitmap (video) ref count == 2
font     D                ttf.c:217  alloc_glyph_region               [  35.49970] Glyph 76: 7x10 (8x12)
d3d      D          d3d_bmp.cpp:467  _al_d3d_sync_bitmap              [  35.49980] _al_d3d_sync_bitmap (system) ref count == 1
d3d      D          d3d_bmp.cpp:473  _al_d3d_sync_bitmap              [  35.49982] _al_d3d_sync_bitmap (video) ref count == 2
d3d      D          d3d_bmp.cpp:467  _al_d3d_sync_bitmap              [  35.50064] _al_d3d_sync_bitmap (system) ref count == 1
d3d      D          d3d_bmp.cpp:473  _al_d3d_sync_bitmap              [  35.50070] _al_d3d_sync_bitmap (video) ref count == 2
font     D                ttf.c:217  alloc_glyph_region               [  59.41386] Glyph 22: 7x10 (8x12)
d3d      D          d3d_bmp.cpp:467  _al_d3d_sync_bitmap              [  59.41392] _al_d3d_sync_bitmap (system) ref count == 1
d3d      D          d3d_bmp.cpp:473  _al_d3d_sync_bitmap              [  59.41395] _al_d3d_sync_bitmap (video) ref count == 2
font     D                ttf.c:217  alloc_glyph_region               [  59.42219] Glyph 26: 7x10 (8x12)
d3d      D          d3d_bmp.cpp:467  _al_d3d_sync_bitmap              [  59.42229] _al_d3d_sync_bitmap (system) ref count == 1
d3d      D          d3d_bmp.cpp:473  _al_d3d_sync_bitmap              [  59.42231] _al_d3d_sync_bitmap (video) ref count == 2
font     D                ttf.c:217  alloc_glyph_region               [  59.42305] Glyph 23: 8x10 (8x12)
d3d      D          d3d_bmp.cpp:467  _al_d3d_sync_bitmap              [  59.42315] _al_d3d_sync_bitmap (system) ref count == 1
d3d      D          d3d_bmp.cpp:473  _al_d3d_sync_bitmap              [  59.42316] _al_d3d_sync_bitmap (video) ref count == 2
font     D                ttf.c:217  alloc_glyph_region               [  59.42469] Glyph 28: 8x10 (8x12)
d3d      D          d3d_bmp.cpp:467  _al_d3d_sync_bitmap              [  59.42478] _al_d3d_sync_bitmap (system) ref count == 1
d3d      D          d3d_bmp.cpp:473  _al_d3d_sync_bitmap              [  59.42479] _al_d3d_sync_bitmap (video) ref count == 2
font     D                ttf.c:217  alloc_glyph_region               [  59.42783] Glyph 25: 8x10 (8x12)
d3d      D          d3d_bmp.cpp:467  _al_d3d_sync_bitmap              [  59.42790] _al_d3d_sync_bitmap (system) ref count == 1
d3d      D          d3d_bmp.cpp:473  _al_d3d_sync_bitmap              [  59.42792] _al_d3d_sync_bitmap (video) ref count == 2
font     D                ttf.c:217  alloc_glyph_region               [  59.42832] Glyph 21: 7x10 (8x12)
d3d      D          d3d_bmp.cpp:467  _al_d3d_sync_bitmap              [  59.42838] _al_d3d_sync_bitmap (system) ref count == 1
d3d      D          d3d_bmp.cpp:473  _al_d3d_sync_bitmap              [  59.42840] _al_d3d_sync_bitmap (video) ref count == 2
font     D                ttf.c:217  alloc_glyph_region               [  59.42876] Glyph 17: 4x4 (4x4)
d3d      D          d3d_bmp.cpp:467  _al_d3d_sync_bitmap              [  59.42883] _al_d3d_sync_bitmap (system) ref count == 1
d3d      D          d3d_bmp.cpp:473  _al_d3d_sync_bitmap              [  59.42884] _al_d3d_sync_bitmap (video) ref count == 2
font     D                ttf.c:217  alloc_glyph_region               [  59.42925] Glyph 27: 7x10 (8x12)
d3d      D          d3d_bmp.cpp:467  _al_d3d_sync_bitmap              [  59.42932] _al_d3d_sync_bitmap (system) ref count == 1
d3d      D          d3d_bmp.cpp:473  _al_d3d_sync_bitmap              [  59.42933] _al_d3d_sync_bitmap (video) ref count == 2
font     D                ttf.c:217  alloc_glyph_region               [  59.43375] Glyph 24: 7x10 (8x12)
d3d      D          d3d_bmp.cpp:467  _al_d3d_sync_bitmap              [  59.43404] _al_d3d_sync_bitmap (system) ref count == 1
d3d      D          d3d_bmp.cpp:473  _al_d3d_sync_bitmap              [  59.43407] _al_d3d_sync_bitmap (video) ref count == 2
d3d      D          d3d_bmp.cpp:467  _al_d3d_sync_bitmap              [  59.44326] _al_d3d_sync_bitmap (system) ref count == 1
d3d      D          d3d_bmp.cpp:473  _al_d3d_sync_bitmap              [  59.44335] _al_d3d_sync_bitmap (video) ref count == 2
dtor     D               dtor.c:214  _al_unregister_destructor        [  67.84806] removed dtor for object 08355700
dtor     D               dtor.c:214  _al_unregister_destructor        [  67.90235] removed dtor for object 0BD976E8
d3d      W          d3d_bmp.cpp:743  d3d_destroy_bitmap               [  67.90254] d3d_destroy_bitmap: Release video texture failed.
dtor     D               dtor.c:214  _al_unregister_destructor        [  67.90289] removed dtor for object 075F9DC8
d3d      I         d3d_disp.cpp:921  d3d_destroy_display              [  67.90298] destroying display 01244BB0 (current 00000000)
bitmap   D             bitmap.c:548  _al_convert_to_memory_bitmap     [  67.90308] converting display bitmap 084FDEC8 to memory bitmap
d3d      D          d3d_bmp.cpp:467  _al_d3d_sync_bitmap              [  67.90323] _al_d3d_sync_bitmap (system) ref count == 1
d3d      D          d3d_bmp.cpp:473  _al_d3d_sync_bitmap              [  67.90325] _al_d3d_sync_bitmap (video) ref count == 2
d3d      W          d3d_bmp.cpp:743  d3d_destroy_bitmap               [  67.90590] d3d_destroy_bitmap: Release video texture failed.
bitmap   D             bitmap.c:548  _al_convert_to_memory_bitmap     [  67.90605] converting display bitmap 07640308 to memory bitmap
d3d      D          d3d_bmp.cpp:467  _al_d3d_sync_bitmap              [  67.90748] _al_d3d_sync_bitmap (system) ref count == 1
d3d      D          d3d_bmp.cpp:473  _al_d3d_sync_bitmap              [  67.90752] _al_d3d_sync_bitmap (video) ref count == 1
d3d      D         d3d_disp.cpp:905  d3d_destroy_display_internals    [  67.91198] waiting for display 01244BB0's thread to end
d3d      W         d3d_disp.cpp:617  d3d_destroy_device               [  67.92256] d3d_destroy_device: ref count not 0
d3d      I         d3d_disp.cpp:1527 d3d_display_thread_proc          [  67.92959] d3d display thread exits
dtor     D               dtor.c:214  _al_unregister_destructor        [  67.93073] removed dtor for object 07640308
dtor     D               dtor.c:214  _al_unregister_destructor        [  67.93237] removed dtor for object 075DDBE8
dtor     D               dtor.c:214  _al_unregister_destructor        [  67.93269] removed dtor for object 075E4230
dtor     D               dtor.c:214  _al_unregister_destructor        [  67.93272] removed dtor for object 075DC4F8
audio-dsound D           dsound.cpp:526  _dsound_stop_voice               [  67.93273] Stopping voice
audio-dsound D           dsound.cpp:542  _dsound_stop_voice               [  67.93274] Joining thread
audio-dsound D           dsound.cpp:548  _dsound_stop_voice               [  67.93685] Joined thread
audio-dsound D           dsound.cpp:550  _dsound_stop_voice               [  67.93690] Destroying thread
audio-dsound D           dsound.cpp:552  _dsound_stop_voice               [  67.93691] Thread destroyed
audio-dsound D           dsound.cpp:555  _dsound_stop_voice               [  67.93692] Releasing buffer
audio-dsound I           dsound.cpp:559  _dsound_stop_voice               [  67.93694] Voice stopped
dtor     D               dtor.c:214  _al_unregister_destructor        [  67.93696] removed dtor for object 012574A8
audio-dsound D           dsound.cpp:375  _dsound_deallocate_voice         [  67.93697] Deallocating voice
audio-dsound D           dsound.cpp:380  _dsound_deallocate_voice         [  67.93699] Deallocated voice
audio-dsound D           dsound.cpp:289  _dsound_close                    [  67.93700] Releasing device
audio-dsound D           dsound.cpp:291  _dsound_close                    [  67.95445] Released device
audio-dsound I           dsound.cpp:294  _dsound_close                    [  67.95452] DirectSound closed
