c:\users\student\documents\_brian\egp-410\gameai\pathfinding\pathfinding\commonpathfindinglib\debug\commonpathfindinglib.pdb
c:\users\student\documents\_brian\egp-410\gameai\pathfinding\pathfinding\commonpathfindinglib\debug\commonpathfindinglib.idb
c:\users\student\documents\_brian\egp-410\gameai\pathfinding\pathfinding\commonpathfindinglib\debug\game.obj
c:\users\student\documents\_brian\egp-410\gameai\pathfinding\pathfinding\commonpathfindinglib\debug\graphicsbuffer.obj
c:\users\student\documents\_brian\egp-410\gameai\pathfinding\pathfinding\commonpathfindinglib\debug\graphicsbuffermanager.obj
c:\users\student\documents\_brian\egp-410\gameai\pathfinding\pathfinding\commonpathfindinglib\debug\graphicssystem.obj
c:\users\student\documents\_brian\egp-410\gameai\pathfinding\pathfinding\commonpathfindinglib\debug\grid.obj
c:\users\student\documents\_brian\egp-410\gameai\pathfinding\pathfinding\commonpathfindinglib\debug\gridvisualizer.obj
c:\users\student\documents\_brian\egp-410\gameai\pathfinding\pathfinding\commonpathfindinglib\debug\sprite.obj
c:\users\student\documents\_brian\egp-410\gameai\pathfinding\pathfinding\commonpathfindinglib\debug\spritemanager.obj
c:\users\student\documents\_brian\egp-410\gameai\pathfinding\pathfinding\commonpathfindinglib\debug\commonpathfindinglib.lib
c:\users\brian\documents\_champlain\_montreal2016\gitrepos\egp-410\gameai\pathfinding\pathfinding\commonpathfindinglib\debug\game.obj
c:\users\brian\documents\_champlain\_montreal2016\gitrepos\egp-410\gameai\pathfinding\pathfinding\commonpathfindinglib\debug\graphicsbuffer.obj
c:\users\brian\documents\_champlain\_montreal2016\gitrepos\egp-410\gameai\pathfinding\pathfinding\commonpathfindinglib\debug\graphicsbuffermanager.obj
c:\users\brian\documents\_champlain\_montreal2016\gitrepos\egp-410\gameai\pathfinding\pathfinding\commonpathfindinglib\debug\graphicssystem.obj
c:\users\brian\documents\_champlain\_montreal2016\gitrepos\egp-410\gameai\pathfinding\pathfinding\commonpathfindinglib\debug\grid.obj
c:\users\brian\documents\_champlain\_montreal2016\gitrepos\egp-410\gameai\pathfinding\pathfinding\commonpathfindinglib\debug\gridvisualizer.obj
c:\users\brian\documents\_champlain\_montreal2016\gitrepos\egp-410\gameai\pathfinding\pathfinding\commonpathfindinglib\debug\sprite.obj
c:\users\brian\documents\_champlain\_montreal2016\gitrepos\egp-410\gameai\pathfinding\pathfinding\commonpathfindinglib\debug\spritemanager.obj
c:\users\brian\documents\_champlain\_montreal2016\gitrepos\egp-410\gameai\pathfinding\pathfinding\commonpathfindinglib\debug\commonpathfindinglib.idb
c:\users\brian\documents\_champlain\_montreal2016\gitrepos\egp-410\gameai\pathfinding\pathfinding\commonpathfindinglib\debug\commonpathfindinglib.pdb
c:\users\brian\documents\_champlain\_montreal2016\gitrepos\egp-410\gameai\pathfinding\pathfinding\commonpathfindinglib\debug\commonpathfindinglib.lib
c:\users\brian\documents\_champlain\_montreal2016\gitrepos\egp-410\gameai\pathfinding\pathfinding\commonpathfindinglib\debug\commonpa.b881029e.tlog\cl.command.1.tlog
c:\users\brian\documents\_champlain\_montreal2016\gitrepos\egp-410\gameai\pathfinding\pathfinding\commonpathfindinglib\debug\commonpa.b881029e.tlog\cl.read.1.tlog
c:\users\brian\documents\_champlain\_montreal2016\gitrepos\egp-410\gameai\pathfinding\pathfinding\commonpathfindinglib\debug\commonpa.b881029e.tlog\cl.write.1.tlog
c:\users\brian\documents\_champlain\_montreal2016\gitrepos\egp-410\gameai\pathfinding\pathfinding\commonpathfindinglib\debug\commonpa.b881029e.tlog\lib-link.read.1.tlog
c:\users\brian\documents\_champlain\_montreal2016\gitrepos\egp-410\gameai\pathfinding\pathfinding\commonpathfindinglib\debug\commonpa.b881029e.tlog\lib-link.write.1.tlog
c:\users\brian\documents\_champlain\_montreal2016\gitrepos\egp-410\gameai\pathfinding\pathfinding\commonpathfindinglib\debug\commonpa.b881029e.tlog\lib.command.1.tlog
