c:\users\student\documents\_brian\egp-410\gameai\pathfinding\pathfinding\game\debug\vc140.pdb
c:\users\student\documents\_brian\egp-410\gameai\pathfinding\pathfinding\game\debug\vc140.idb
c:\users\student\documents\_brian\egp-410\gameai\pathfinding\pathfinding\game\debug\astarpathfinder.obj
c:\users\student\documents\_brian\egp-410\gameai\pathfinding\pathfinding\game\debug\changemethodmessage.obj
c:\users\student\documents\_brian\egp-410\gameai\pathfinding\pathfinding\game\debug\connection.obj
c:\users\student\documents\_brian\egp-410\gameai\pathfinding\pathfinding\game\debug\debugdisplay.obj
c:\users\student\documents\_brian\egp-410\gameai\pathfinding\pathfinding\game\debug\depthfirstpathfinder.obj
c:\users\student\documents\_brian\egp-410\gameai\pathfinding\pathfinding\game\debug\dijkstrapathfinder.obj
c:\users\student\documents\_brian\egp-410\gameai\pathfinding\pathfinding\game\debug\exitgamemessage.obj
c:\users\student\documents\_brian\egp-410\gameai\pathfinding\pathfinding\game\debug\gameapp.obj
c:\users\student\documents\_brian\egp-410\gameai\pathfinding\pathfinding\game\debug\gamemessage.obj
c:\users\student\documents\_brian\egp-410\gameai\pathfinding\pathfinding\game\debug\gamemessagemanager.obj
c:\users\student\documents\_brian\egp-410\gameai\pathfinding\pathfinding\game\debug\graph.obj
c:\users\student\documents\_brian\egp-410\gameai\pathfinding\pathfinding\game\debug\gridgraph.obj
c:\users\student\documents\_brian\egp-410\gameai\pathfinding\pathfinding\game\debug\gridpathfinder.obj
c:\users\student\documents\_brian\egp-410\gameai\pathfinding\pathfinding\game\debug\inputmanager.obj
c:\users\student\documents\_brian\egp-410\gameai\pathfinding\pathfinding\game\debug\main.obj
c:\users\student\documents\_brian\egp-410\gameai\pathfinding\pathfinding\game\debug\node.obj
c:\users\student\documents\_brian\egp-410\gameai\pathfinding\pathfinding\game\debug\path.obj
c:\users\student\documents\_brian\egp-410\gameai\pathfinding\pathfinding\game\debug\pathfinder.obj
c:\users\student\documents\_brian\egp-410\gameai\pathfinding\pathfinding\game\debug\pathfindingdebugcontent.obj
c:\users\student\documents\_brian\egp-410\gameai\pathfinding\pathfinding\game\debug\pathtomessage.obj
c:\users\student\documents\_brian\egp-410\gameai\pathfinding\pathfinding\debug\game.ilk
c:\users\student\documents\_brian\egp-410\gameai\pathfinding\pathfinding\debug\game.exe
c:\users\student\documents\_brian\egp-410\gameai\pathfinding\pathfinding\debug\game.pdb
c:\users\brian\documents\_champlain\_montreal2016\gitrepos\egp-410\gameai\pathfinding\pathfinding\game\debug\connection.obj
c:\users\brian\documents\_champlain\_montreal2016\gitrepos\egp-410\gameai\pathfinding\pathfinding\game\debug\debugdisplay.obj
c:\users\brian\documents\_champlain\_montreal2016\gitrepos\egp-410\gameai\pathfinding\pathfinding\game\debug\depthfirstpathfinder.obj
c:\users\brian\documents\_champlain\_montreal2016\gitrepos\egp-410\gameai\pathfinding\pathfinding\game\debug\exitgamemessage.obj
c:\users\brian\documents\_champlain\_montreal2016\gitrepos\egp-410\gameai\pathfinding\pathfinding\game\debug\gameapp.obj
c:\users\brian\documents\_champlain\_montreal2016\gitrepos\egp-410\gameai\pathfinding\pathfinding\game\debug\gamemessage.obj
c:\users\brian\documents\_champlain\_montreal2016\gitrepos\egp-410\gameai\pathfinding\pathfinding\game\debug\gamemessagemanager.obj
c:\users\brian\documents\_champlain\_montreal2016\gitrepos\egp-410\gameai\pathfinding\pathfinding\game\debug\graph.obj
c:\users\brian\documents\_champlain\_montreal2016\gitrepos\egp-410\gameai\pathfinding\pathfinding\game\debug\gridgraph.obj
c:\users\brian\documents\_champlain\_montreal2016\gitrepos\egp-410\gameai\pathfinding\pathfinding\game\debug\gridpathfinder.obj
c:\users\brian\documents\_champlain\_montreal2016\gitrepos\egp-410\gameai\pathfinding\pathfinding\game\debug\inputmanager.obj
c:\users\brian\documents\_champlain\_montreal2016\gitrepos\egp-410\gameai\pathfinding\pathfinding\game\debug\main.obj
c:\users\brian\documents\_champlain\_montreal2016\gitrepos\egp-410\gameai\pathfinding\pathfinding\game\debug\node.obj
c:\users\brian\documents\_champlain\_montreal2016\gitrepos\egp-410\gameai\pathfinding\pathfinding\game\debug\path.obj
c:\users\brian\documents\_champlain\_montreal2016\gitrepos\egp-410\gameai\pathfinding\pathfinding\game\debug\pathfinder.obj
c:\users\brian\documents\_champlain\_montreal2016\gitrepos\egp-410\gameai\pathfinding\pathfinding\game\debug\pathfindingdebugcontent.obj
c:\users\brian\documents\_champlain\_montreal2016\gitrepos\egp-410\gameai\pathfinding\pathfinding\game\debug\pathtomessage.obj
c:\users\brian\documents\_champlain\_montreal2016\gitrepos\egp-410\gameai\pathfinding\pathfinding\game\debug\vc140.idb
c:\users\brian\documents\_champlain\_montreal2016\gitrepos\egp-410\gameai\pathfinding\pathfinding\game\debug\vc140.pdb
c:\users\brian\documents\_champlain\_montreal2016\gitrepos\egp-410\gameai\pathfinding\pathfinding\debug\game.pdb
c:\users\brian\documents\_champlain\_montreal2016\gitrepos\egp-410\gameai\pathfinding\pathfinding\debug\game.exe
c:\users\brian\documents\_champlain\_montreal2016\gitrepos\egp-410\gameai\pathfinding\pathfinding\debug\game.ilk
c:\users\brian\documents\_champlain\_montreal2016\gitrepos\egp-410\gameai\pathfinding\pathfinding\game\debug\game.tlog\cl.command.1.tlog
c:\users\brian\documents\_champlain\_montreal2016\gitrepos\egp-410\gameai\pathfinding\pathfinding\game\debug\game.tlog\cl.read.1.tlog
c:\users\brian\documents\_champlain\_montreal2016\gitrepos\egp-410\gameai\pathfinding\pathfinding\game\debug\game.tlog\cl.write.1.tlog
c:\users\brian\documents\_champlain\_montreal2016\gitrepos\egp-410\gameai\pathfinding\pathfinding\game\debug\game.tlog\link.command.1.tlog
c:\users\brian\documents\_champlain\_montreal2016\gitrepos\egp-410\gameai\pathfinding\pathfinding\game\debug\game.tlog\link.read.1.tlog
c:\users\brian\documents\_champlain\_montreal2016\gitrepos\egp-410\gameai\pathfinding\pathfinding\game\debug\game.tlog\link.write.1.tlog
